Change Component Footprint: Designator=JP4 Old Footprint=CONN-TH_4P-P3.81_KF2EDGR-3.81-4P New Footprint=CONN-TH_4P-P3.81_KF2EDGV-3.81-4P
Change Component Footprint: Designator=JP6 Old Footprint=CONN-TH_4P-P3.81_KF2EDGR-3.81-4P New Footprint=CONN-TH_4P-P3.81_KF2EDGV-3.81-4P
Change Component Comment : Designator=JP4 Old Comment=KF2EDGR-3.81-4P New Comment=KF2EDGV-3.81-4P_C441334
Change Component Comment : Designator=JP6 Old Comment=KF2EDGR-3.81-4P New Comment=KF2EDGV-3.81-4P_C441334
Change component parameters: Designator = "JP4" ("JP4"); Footprint = "CONN-TH_4P-P3.81_KF2EDGR-3.81-4P"; UniqueID = "\VWPAYESR" ("\VWPAYESR")
Change component parameters (AddParameter): Name = "Add into BOM"; Value = "yes"; VariantName = "[No Variations]"
Change component parameters (AddParameter): Name = "Color"; Value = "绿色"; VariantName = "[No Variations]"
Change component parameters (AddParameter): Name = "Connector Type"; Value = "板端/插座-闭口"; VariantName = "[No Variations]"
Change component parameters (AddParameter): Name = "Convert to PCB"; Value = "yes"; VariantName = "[No Variations]"
Change component parameters (AddParameter): Name = "Current Rating (Max)"; Value = "8A"; VariantName = "[No Variations]"
Change component parameters (AddParameter): Name = "Datasheet"; Value = "https://atta.szlcsc.com/upload/public/pdf/source/20191023/C441334_2B3686AE66497D0AF2D450E865A6AACE.pdf"; VariantName = "[No Variations]"
Change component parameters (AddParameter): Name = "Device"; Value = "KF2EDGV-3.81-4P_C441334"; VariantName = "[No Variations]"
Change component parameters (AddParameter): Name = "JLCPCB Part Class"; Value = "Extended Part"; VariantName = "[No Variations]"
Change component parameters (AddParameter): Name = "LCSC Part Name"; Value = "板端/插座-闭口 3.81mm 排数:1 每排P数:4 直针"; VariantName = "[No Variations]"
Change component parameters (AddParameter): Name = "Manufacturer"; Value = "KEFA(科发)"; VariantName = "[No Variations]"
Change component parameters (AddParameter): Name = "Manufacturer Part"; Value = "KF2EDGV-3.81-4P"; VariantName = "[No Variations]"
Change component parameters (AddParameter): Name = "Mounting Style"; Value = "直针"; VariantName = "[No Variations]"
Change component parameters (AddParameter): Name = "Name"; Value = "KF2EDGV-3.81-4P"; VariantName = "[No Variations]"
Change component parameters (AddParameter): Name = "Number of PINs Per Row"; Value = "4"; VariantName = "[No Variations]"
Change component parameters (AddParameter): Name = "Number of Rows"; Value = "1"; VariantName = "[No Variations]"
Change component parameters (AddParameter): Name = "Operating Temperature Range"; Value = "-40℃~+105℃"; VariantName = "[No Variations]"
Change component parameters (AddParameter): Name = "Pitch"; Value = "3.81mm"; VariantName = "[No Variations]"
Change component parameters (AddParameter): Name = "Supplier"; Value = "LCSC"; VariantName = "[No Variations]"
Change component parameters (AddParameter): Name = "Supplier Footprint"; Value = "直插,P=3.81mm"; VariantName = "[No Variations]"
Change component parameters (AddParameter): Name = "Supplier Part"; Value = "C441334"; VariantName = "[No Variations]"
Change component parameters (AddParameter): Name = "Symbol"; Value = "KF2EDGV-3.81-4P"; VariantName = "[No Variations]"
Change component parameters (AddParameter): Name = "Voltage Rating (Max)"; Value = "300V"; VariantName = "[No Variations]"
Change component parameters (AddParameter): Name = "Wire Gauge - AWG"; Value = "-"; VariantName = "[No Variations]"
Change component parameters (AddParameter): Name = "Wire Gauge - mm?"; Value = "-"; VariantName = "[No Variations]"
Change component parameters: Designator = "JP6" ("JP6"); Footprint = "CONN-TH_4P-P3.81_KF2EDGR-3.81-4P"; UniqueID = "\UWOBGYFY" ("\UWOBGYFY")
Change component parameters (AddParameter): Name = "Add into BOM"; Value = "yes"; VariantName = "[No Variations]"
Change component parameters (AddParameter): Name = "Color"; Value = "绿色"; VariantName = "[No Variations]"
Change component parameters (AddParameter): Name = "Connector Type"; Value = "板端/插座-闭口"; VariantName = "[No Variations]"
Change component parameters (AddParameter): Name = "Convert to PCB"; Value = "yes"; VariantName = "[No Variations]"
Change component parameters (AddParameter): Name = "Current Rating (Max)"; Value = "8A"; VariantName = "[No Variations]"
Change component parameters (AddParameter): Name = "Datasheet"; Value = "https://atta.szlcsc.com/upload/public/pdf/source/20191023/C441334_2B3686AE66497D0AF2D450E865A6AACE.pdf"; VariantName = "[No Variations]"
Change component parameters (AddParameter): Name = "Device"; Value = "KF2EDGV-3.81-4P_C441334"; VariantName = "[No Variations]"
Change component parameters (AddParameter): Name = "JLCPCB Part Class"; Value = "Extended Part"; VariantName = "[No Variations]"
Change component parameters (AddParameter): Name = "LCSC Part Name"; Value = "板端/插座-闭口 3.81mm 排数:1 每排P数:4 直针"; VariantName = "[No Variations]"
Change component parameters (AddParameter): Name = "Manufacturer"; Value = "KEFA(科发)"; VariantName = "[No Variations]"
Change component parameters (AddParameter): Name = "Manufacturer Part"; Value = "KF2EDGV-3.81-4P"; VariantName = "[No Variations]"
Change component parameters (AddParameter): Name = "Mounting Style"; Value = "直针"; VariantName = "[No Variations]"
Change component parameters (AddParameter): Name = "Name"; Value = "KF2EDGV-3.81-4P"; VariantName = "[No Variations]"
Change component parameters (AddParameter): Name = "Number of PINs Per Row"; Value = "4"; VariantName = "[No Variations]"
Change component parameters (AddParameter): Name = "Number of Rows"; Value = "1"; VariantName = "[No Variations]"
Change component parameters (AddParameter): Name = "Operating Temperature Range"; Value = "-40℃~+105℃"; VariantName = "[No Variations]"
Change component parameters (AddParameter): Name = "Pitch"; Value = "3.81mm"; VariantName = "[No Variations]"
Change component parameters (AddParameter): Name = "Supplier"; Value = "LCSC"; VariantName = "[No Variations]"
Change component parameters (AddParameter): Name = "Supplier Footprint"; Value = "直插,P=3.81mm"; VariantName = "[No Variations]"
Change component parameters (AddParameter): Name = "Supplier Part"; Value = "C441334"; VariantName = "[No Variations]"
Change component parameters (AddParameter): Name = "Symbol"; Value = "KF2EDGV-3.81-4P"; VariantName = "[No Variations]"
Change component parameters (AddParameter): Name = "Voltage Rating (Max)"; Value = "300V"; VariantName = "[No Variations]"
Change component parameters (AddParameter): Name = "Wire Gauge - AWG"; Value = "-"; VariantName = "[No Variations]"
Change component parameters (AddParameter): Name = "Wire Gauge - mm?"; Value = "-"; VariantName = "[No Variations]"
Added Room: Name=Sheet1
