Removed Pin From Net: NetName=GND Pin=JP7-1
Removed Pin From Net: NetName=PA10 Pin=JP7-2
Removed Pin From Net: NetName=PA9 Pin=JP7-3
Removed Pin From Net: NetName=GND Pin=JP8-1
Removed Pin From Net: NetName=PA3 Pin=JP8-2
Removed Pin From Net: NetName=PA2 Pin=JP8-3
Removed Pin From Net: NetName=GND Pin=JP9-1
Removed Pin From Net: NetName=PB11 Pin=JP9-2
Removed Pin From Net: NetName=PB10 Pin=JP9-3
Removed Pin From Net: NetName=GND Pin=JP12-1
Removed Pin From Net: NetName=PC11 Pin=JP12-2
Removed Pin From Net: NetName=PC10 Pin=JP12-3
Removed Pin From Net: NetName=GND Pin=JP15-1
Removed Pin From Net: NetName=PD2 Pin=JP15-2
Removed Pin From Net: NetName=PC12 Pin=JP15-3
Removed Member From Class: ClassName=Sheet2 Member=JP7
Removed Member From Class: ClassName=Sheet2 Member=JP8
Removed Member From Class: ClassName=Sheet2 Member=JP12
Removed Member From Class: ClassName=Sheet2 Member=JP15
Change Component Footprint: Designator=JP7 Old Footprint=XH2.54-LI-3P New Footprint=HDR2.54-LI-2x18P
Change Component Footprint: Designator=JP9 Old Footprint=XH2.54-LI-3P New Footprint=IDC2.54-LI-2x6P
Change Component Footprint: Designator=JP8 Old Footprint=XH2.54-LI-3P New Footprint=IDC2.54-LI-2x7P
Change Component Comment : Designator=JP8 Old Comment=HDR-1X3 New Comment=Header 2X7
Change Component Comment : Designator=JP7 Old Comment=HDR-1X3 New Comment=Header 2X11
Change Component Comment : Designator=JP9 Old Comment=HDR-1X3 New Comment=Header 6X2
Change component parameters: Designator = "JP7" ("JP7"); Footprint = "XH2.54-LI-3P"; UniqueID = "\HWFYGUVL" ("\HWFYGUVL")
Change component parameters (AddParameter): Name = "BOM名称"; Value = "18*2P接插件"; VariantName = "[No Variations]"
Change component parameters (AddParameter): Name = "学习资源"; Value = "www.ooocke.com"; VariantName = "[No Variations]"
Change component parameters (AddParameter): Name = "版权归属"; Value = "源创客"; VariantName = "[No Variations]"
Change component parameters: Designator = "JP8" ("JP8"); Footprint = "XH2.54-LI-3P"; UniqueID = "\UMBISKAQ" ("\UMBISKAQ")
Change component parameters (AddParameter): Name = "BOM名称"; Value = "7*2P接插件"; VariantName = "[No Variations]"
Change component parameters (AddParameter): Name = "学习资源"; Value = "www.ooocke.com"; VariantName = "[No Variations]"
Change component parameters (AddParameter): Name = "版权归属"; Value = "源创客"; VariantName = "[No Variations]"
Change component parameters: Designator = "JP9" ("JP9"); Footprint = "XH2.54-LI-3P"; UniqueID = "\GEYBODIT" ("\GEYBODIT")
Change component parameters (AddParameter): Name = "BOM名称"; Value = "6*2P接插件"; VariantName = "[No Variations]"
Change component parameters (AddParameter): Name = "学习资源"; Value = "www.ooocke.com"; VariantName = "[No Variations]"
Change component parameters (AddParameter): Name = "版权归属"; Value = "源创客"; VariantName = "[No Variations]"
Added Pin To Net: NetName=PC1 Pin=JP7-1
Added Pin To Net: NetName=PC0 Pin=JP7-2
Added Pin To Net: NetName=PC3 Pin=JP7-3
Added Pin To Net: NetName=PC2 Pin=JP7-4
Added Pin To Net: NetName=PA1 Pin=JP7-5
Added Pin To Net: NetName=PA0 Pin=JP7-6
Added Pin To Net: NetName=PA5 Pin=JP7-7
Added Pin To Net: NetName=PA4 Pin=JP7-8
Added Pin To Net: NetName=PA7 Pin=JP7-9
Added Pin To Net: NetName=PA6 Pin=JP7-10
Added Pin To Net: NetName=PC5 Pin=JP7-11
Added Pin To Net: NetName=PC4 Pin=JP7-12
Added Pin To Net: NetName=PB1 Pin=JP7-13
Added Pin To Net: NetName=PB0 Pin=JP7-14
Added Pin To Net: NetName=PE7 Pin=JP7-15
Added Pin To Net: NetName=PB2 Pin=JP7-16
Added Pin To Net: NetName=PE9 Pin=JP7-17
Added Pin To Net: NetName=PE8 Pin=JP7-18
Added Pin To Net: NetName=PE11 Pin=JP7-19
Added Pin To Net: NetName=PE10 Pin=JP7-20
Added Pin To Net: NetName=PE13 Pin=JP7-21
Added Pin To Net: NetName=PE12 Pin=JP7-22
Added Pin To Net: NetName=PE15 Pin=JP7-23
Added Pin To Net: NetName=PE14 Pin=JP7-24
Added Pin To Net: NetName=PB13 Pin=JP7-25
Added Pin To Net: NetName=PB12 Pin=JP7-26
Added Pin To Net: NetName=PB15 Pin=JP7-27
Added Pin To Net: NetName=PB14 Pin=JP7-28
Added Pin To Net: NetName=PD9 Pin=JP7-29
Added Pin To Net: NetName=PD8 Pin=JP7-30
Added Pin To Net: NetName=PD11 Pin=JP7-31
Added Pin To Net: NetName=PD10 Pin=JP7-32
Added Pin To Net: NetName=5V Pin=JP7-33
Added Pin To Net: NetName=GND Pin=JP7-34
Added Pin To Net: NetName=5V Pin=JP7-35
Added Pin To Net: NetName=GND Pin=JP7-36
Added Pin To Net: NetName=NetJP1_43 Pin=JP8-1
Added Pin To Net: NetName=NetJP1_42 Pin=JP8-2
Added Pin To Net: NetName=NetJP1_45 Pin=JP8-3
Added Pin To Net: NetName=NetJP1_44 Pin=JP8-4
Added Pin To Net: NetName=NetJP1_49 Pin=JP8-5
Added Pin To Net: NetName=NetJP1_46 Pin=JP8-6
Added Pin To Net: NetName=NetJP2_3 Pin=JP8-7
Added Pin To Net: NetName=NetJP1_48 Pin=JP8-8
Added Pin To Net: NetName=NetJP2_7 Pin=JP8-9
Added Pin To Net: NetName=NetJP2_2 Pin=JP8-10
Added Pin To Net: NetName=5V Pin=JP8-11
Added Pin To Net: NetName=NetJP2_4 Pin=JP8-12
Added Pin To Net: NetName=GND Pin=JP8-13
Added Pin To Net: NetName=NetJP2_6 Pin=JP8-14
Added Pin To Net: NetName=PA9 Pin=JP9-1
Added Pin To Net: NetName=PA10 Pin=JP9-2
Added Pin To Net: NetName=PA2 Pin=JP9-3
Added Pin To Net: NetName=PA3 Pin=JP9-4
Added Pin To Net: NetName=PB10 Pin=JP9-5
Added Pin To Net: NetName=PB11 Pin=JP9-6
Added Pin To Net: NetName=PC10 Pin=JP9-7
Added Pin To Net: NetName=PC11 Pin=JP9-8
Added Pin To Net: NetName=PC12 Pin=JP9-9
Added Pin To Net: NetName=PD2 Pin=JP9-10
Added Pin To Net: NetName=GND Pin=JP9-11
Added Pin To Net: NetName=GND Pin=JP9-12
Added Member To Class: ClassName=Sheet1 Member=Component JP7 Header 2X11
Added Member To Class: ClassName=Sheet1 Member=Component JP8 Header 2X7
