Removed Pin From Net: NetName=PA9 Pin=JP9-1
Removed Pin From Net: NetName=PA10 Pin=JP9-2
Removed Pin From Net: NetName=PA2 Pin=JP9-3
Removed Pin From Net: NetName=PA3 Pin=JP9-4
Removed Pin From Net: NetName=PB10 Pin=JP9-5
Removed Pin From Net: NetName=PB11 Pin=JP9-6
Removed Pin From Net: NetName=PC10 Pin=JP9-7
Removed Pin From Net: NetName=PC11 Pin=JP9-8
Removed Pin From Net: NetName=PC12 Pin=JP9-9
Removed Pin From Net: NetName=PD2 Pin=JP9-10
Removed Pin From Net: NetName=GND Pin=JP9-11
Removed Pin From Net: NetName=GND Pin=JP9-12
Removed Member From Class: ClassName=Sheet2 Member=JP9
Added Component: Designator=JP7(IDC2.54-LI-2x4P)
Add component (AddParameter): Name = "BOM名称"; Value = "4*2P接插件"; VariantName = "[No Variations]"
Add component (AddParameter): Name = "学习资源"; Value = "www.ooocke.com"; VariantName = "[No Variations]"
Add component (AddParameter): Name = "版权归属"; Value = "源创客"; VariantName = "[No Variations]"
Added Component: Designator=JP8(IDC2.54-LI-2x3P)
Add component (AddParameter): Name = "BOM名称"; Value = "3*2P接插件"; VariantName = "[No Variations]"
Add component (AddParameter): Name = "学习资源"; Value = "www.ooocke.com"; VariantName = "[No Variations]"
Add component (AddParameter): Name = "版权归属"; Value = "源创客"; VariantName = "[No Variations]"
Added Pin To Net: NetName=PA9 Pin=JP7-1
Added Pin To Net: NetName=PA10 Pin=JP7-2
Added Pin To Net: NetName=PC10 Pin=JP7-3
Added Pin To Net: NetName=PC11 Pin=JP7-4
Added Pin To Net: NetName=PC12 Pin=JP7-5
Added Pin To Net: NetName=PD2 Pin=JP7-6
Added Pin To Net: NetName=GND Pin=JP7-7
Added Pin To Net: NetName=GND Pin=JP7-8
Added Pin To Net: NetName=PA2 Pin=JP8-1
Added Pin To Net: NetName=PA3 Pin=JP8-2
Added Pin To Net: NetName=PB10 Pin=JP8-3
Added Pin To Net: NetName=PB11 Pin=JP8-4
Added Pin To Net: NetName=GND Pin=JP8-5
Added Pin To Net: NetName=GND Pin=JP8-6
Added Member To Class: ClassName=Sheet2 Member=Component JP7 Header 4X2 Pitch2.54
Added Member To Class: ClassName=Sheet2 Member=Component JP8 Header3X2
