Removed Pin From Net: NetName=PC1 Pin=JP7-1
Removed Pin From Net: NetName=PC0 Pin=JP7-2
Removed Pin From Net: NetName=PC3 Pin=JP7-3
Removed Pin From Net: NetName=PC2 Pin=JP7-4
Removed Pin From Net: NetName=PA1 Pin=JP7-5
Removed Pin From Net: NetName=PA0 Pin=JP7-6
Removed Pin From Net: NetName=PA5 Pin=JP7-7
Removed Pin From Net: NetName=PA4 Pin=JP7-8
Removed Pin From Net: NetName=PA7 Pin=JP7-9
Removed Pin From Net: NetName=PA6 Pin=JP7-10
Removed Pin From Net: NetName=PC5 Pin=JP7-11
Removed Pin From Net: NetName=PC4 Pin=JP7-12
Removed Pin From Net: NetName=PB1 Pin=JP7-13
Removed Pin From Net: NetName=PB0 Pin=JP7-14
Removed Pin From Net: NetName=PE7 Pin=JP7-15
Removed Pin From Net: NetName=PB2 Pin=JP7-16
Removed Pin From Net: NetName=PE9 Pin=JP7-17
Removed Pin From Net: NetName=PE8 Pin=JP7-18
Removed Pin From Net: NetName=PE11 Pin=JP7-19
Removed Pin From Net: NetName=PE10 Pin=JP7-20
Removed Pin From Net: NetName=PE13 Pin=JP7-21
Removed Pin From Net: NetName=PE12 Pin=JP7-22
Removed Pin From Net: NetName=PE15 Pin=JP7-23
Removed Pin From Net: NetName=PE14 Pin=JP7-24
Removed Pin From Net: NetName=PB13 Pin=JP7-25
Removed Pin From Net: NetName=PB12 Pin=JP7-26
Removed Pin From Net: NetName=PB15 Pin=JP7-27
Removed Pin From Net: NetName=PB14 Pin=JP7-28
Removed Pin From Net: NetName=PD9 Pin=JP7-29
Removed Pin From Net: NetName=PD8 Pin=JP7-30
Removed Pin From Net: NetName=PD11 Pin=JP7-31
Removed Pin From Net: NetName=PD10 Pin=JP7-32
Removed Pin From Net: NetName=5V Pin=JP7-33
Removed Pin From Net: NetName=GND Pin=JP7-34
Removed Pin From Net: NetName=5V Pin=JP7-35
Removed Pin From Net: NetName=GND Pin=JP7-36
Removed Pin From Net: NetName=NetJP1_43 Pin=JP8-1
Removed Pin From Net: NetName=NetJP1_42 Pin=JP8-2
Removed Pin From Net: NetName=NetJP1_45 Pin=JP8-3
Removed Pin From Net: NetName=NetJP1_44 Pin=JP8-4
Removed Pin From Net: NetName=NetJP1_49 Pin=JP8-5
Removed Pin From Net: NetName=NetJP1_46 Pin=JP8-6
Removed Pin From Net: NetName=NetJP2_3 Pin=JP8-7
Removed Pin From Net: NetName=NetJP1_48 Pin=JP8-8
Removed Pin From Net: NetName=NetJP2_7 Pin=JP8-9
Removed Pin From Net: NetName=NetJP2_2 Pin=JP8-10
Removed Pin From Net: NetName=5V Pin=JP8-11
Removed Pin From Net: NetName=NetJP2_4 Pin=JP8-12
Removed Pin From Net: NetName=GND Pin=JP8-13
Removed Pin From Net: NetName=NetJP2_6 Pin=JP8-14
Removed Member From Class: ClassName=Sheet1 Member=JP7
Removed Member From Class: ClassName=Sheet1 Member=JP8
