Added Component: Designator=JP15(KF350-2P)
Add component. Clean all parameters for all variants
Add component (AddParameter): Name = "BOM名称"; Value = "2P接插件"; VariantName = "[No Variations]"
Add component (AddParameter): Name = "学习资源"; Value = "www.ooocke.com"; VariantName = "[No Variations]"
Add component (AddParameter): Name = "版权归属"; Value = "源创客"; VariantName = "[No Variations]"
Added Pin To Net: NetName=5V_4B Pin=C7-1
Added Pin To Net: NetName=5V_4B Pin=C9-2
Added Pin To Net: NetName=5V_4B Pin=L2-1
Added Pin To Net: NetName=5V_4B Pin=R4-2
Added Net: Name=5V_4B
Added Pin To Net: NetName=5V Pin=C2-1
Added Pin To Net: NetName=5V Pin=C4-2
Added Pin To Net: NetName=5V Pin=C11-2
Added Pin To Net: NetName=5V Pin=JP2-50
Added Pin To Net: NetName=5V Pin=JP10-2
Added Pin To Net: NetName=5V Pin=JP11-2
Added Pin To Net: NetName=5V Pin=JP13-2
Added Pin To Net: NetName=5V Pin=JP14-2
Added Pin To Net: NetName=5V Pin=L1-1
Added Pin To Net: NetName=5V Pin=R1-2
Added Pin To Net: NetName=5V Pin=U3-2
Added Pin To Net: NetName=5V Pin=U4-6
Added Net: Name=5V
Added Pin To Net: NetName=BOOT0 Pin=JP2-36
Added Net: Name=BOOT0
Added Pin To Net: NetName=GND Pin=511-4
Added Pin To Net: NetName=GND Pin=C2-2
Added Pin To Net: NetName=GND Pin=C3-2
Added Pin To Net: NetName=GND Pin=C4-1
Added Pin To Net: NetName=GND Pin=C5-1
Added Pin To Net: NetName=GND Pin=C7-2
Added Pin To Net: NetName=GND Pin=C8-2
Added Pin To Net: NetName=GND Pin=C9-1
Added Pin To Net: NetName=GND Pin=C10-1
Added Pin To Net: NetName=GND Pin=C11-1
Added Pin To Net: NetName=GND Pin=C12-1
Added Pin To Net: NetName=GND Pin=C13-1
Added Pin To Net: NetName=GND Pin=CN1-1
Added Pin To Net: NetName=GND Pin=D1-1
Added Pin To Net: NetName=GND Pin=D2-1
Added Pin To Net: NetName=GND Pin=JP1-50
Added Pin To Net: NetName=GND Pin=JP2-49
Added Pin To Net: NetName=GND Pin=JP3-1
Added Pin To Net: NetName=GND Pin=JP4-1
Added Pin To Net: NetName=GND Pin=JP5-1
Added Pin To Net: NetName=GND Pin=JP6-1
Added Pin To Net: NetName=GND Pin=JP7-7
Added Pin To Net: NetName=GND Pin=JP7-8
Added Pin To Net: NetName=GND Pin=JP8-5
Added Pin To Net: NetName=GND Pin=JP8-6
Added Pin To Net: NetName=GND Pin=JP10-1
Added Pin To Net: NetName=GND Pin=JP11-1
Added Pin To Net: NetName=GND Pin=JP13-1
Added Pin To Net: NetName=GND Pin=JP14-1
Added Pin To Net: NetName=GND Pin=R3-1
Added Pin To Net: NetName=GND Pin=R6-1
Added Pin To Net: NetName=GND Pin=R7-2
Added Pin To Net: NetName=GND Pin=R12-1
Added Pin To Net: NetName=GND Pin=U1-6
Added Pin To Net: NetName=GND Pin=U1-9
Added Pin To Net: NetName=GND Pin=U2-6
Added Pin To Net: NetName=GND Pin=U2-9
Added Pin To Net: NetName=GND Pin=U3-4
Added Pin To Net: NetName=GND Pin=U4-2
Added Pin To Net: NetName=GND Pin=U4-7
Added Net: Name=GND
Added Pin To Net: NetName=IN+ Pin=511-2
Added Pin To Net: NetName=IN+ Pin=R10-2
Added Pin To Net: NetName=IN+ Pin=U4-8
Added Net: Name=IN+
Added Pin To Net: NetName=IN- Pin=511-3
Added Pin To Net: NetName=IN- Pin=R7-1
Added Pin To Net: NetName=IN- Pin=R9-1
Added Net: Name=IN-
Added Pin To Net: NetName=NetC1_1 Pin=C1-1
Added Pin To Net: NetName=NetC1_1 Pin=U1-1
Added Net: Name=NetC1_1
Added Pin To Net: NetName=NetC1_2 Pin=C1-2
Added Pin To Net: NetName=NetC1_2 Pin=D1-2
Added Pin To Net: NetName=NetC1_2 Pin=L1-2
Added Pin To Net: NetName=NetC1_2 Pin=U1-8
Added Net: Name=NetC1_2
Added Pin To Net: NetName=NetC3_1 Pin=C3-1
Added Pin To Net: NetName=NetC3_1 Pin=C5-2
Added Pin To Net: NetName=NetC3_1 Pin=R2-1
Added Pin To Net: NetName=NetC3_1 Pin=U1-7
Added Net: Name=NetC3_1
Added Pin To Net: NetName=NetC6_1 Pin=C6-1
Added Pin To Net: NetName=NetC6_1 Pin=U2-1
Added Net: Name=NetC6_1
Added Pin To Net: NetName=NetC6_2 Pin=C6-2
Added Pin To Net: NetName=NetC6_2 Pin=D2-2
Added Pin To Net: NetName=NetC6_2 Pin=L2-2
Added Pin To Net: NetName=NetC6_2 Pin=U2-8
Added Net: Name=NetC6_2
Added Pin To Net: NetName=NetC8_1 Pin=C8-1
Added Pin To Net: NetName=NetC8_1 Pin=C10-2
Added Pin To Net: NetName=NetC8_1 Pin=R5-1
Added Pin To Net: NetName=NetC8_1 Pin=U2-7
Added Net: Name=NetC8_1
Added Pin To Net: NetName=NetJP1_42 Pin=JP1-42
Added Net: Name=NetJP1_42
Added Pin To Net: NetName=NetJP1_43 Pin=JP1-43
Added Net: Name=NetJP1_43
Added Pin To Net: NetName=NetJP1_44 Pin=JP1-44
Added Net: Name=NetJP1_44
Added Pin To Net: NetName=NetJP1_45 Pin=JP1-45
Added Net: Name=NetJP1_45
Added Pin To Net: NetName=NetJP1_46 Pin=JP1-46
Added Net: Name=NetJP1_46
Added Pin To Net: NetName=NetJP1_47 Pin=JP1-47
Added Net: Name=NetJP1_47
Added Pin To Net: NetName=NetJP1_48 Pin=JP1-48
Added Net: Name=NetJP1_48
Added Pin To Net: NetName=NetJP1_49 Pin=JP1-49
Added Net: Name=NetJP1_49
Added Pin To Net: NetName=NetJP2_2 Pin=JP2-2
Added Net: Name=NetJP2_2
Added Pin To Net: NetName=NetJP2_3 Pin=JP2-3
Added Net: Name=NetJP2_3
Added Pin To Net: NetName=NetJP2_4 Pin=JP2-4
Added Net: Name=NetJP2_4
Added Pin To Net: NetName=NetJP2_5 Pin=JP2-5
Added Net: Name=NetJP2_5
Added Pin To Net: NetName=NetJP2_6 Pin=JP2-6
Added Net: Name=NetJP2_6
Added Pin To Net: NetName=NetJP2_7 Pin=JP2-7
Added Net: Name=NetJP2_7
Added Pin To Net: NetName=NetR1_1 Pin=R1-1
Added Pin To Net: NetName=NetR1_1 Pin=R3-2
Added Pin To Net: NetName=NetR1_1 Pin=U1-4
Added Net: Name=NetR1_1
Added Pin To Net: NetName=NetR4_1 Pin=R4-1
Added Pin To Net: NetName=NetR4_1 Pin=R6-2
Added Pin To Net: NetName=NetR4_1 Pin=U2-4
Added Net: Name=NetR4_1
Added Pin To Net: NetName=NetR9_2 Pin=R9-2
Added Pin To Net: NetName=NetR9_2 Pin=R10-1
Added Pin To Net: NetName=NetR9_2 Pin=U4-1
Added Net: Name=NetR9_2
Added Pin To Net: NetName=NRST Pin=JP1-1
Added Net: Name=NRST
Added Pin To Net: NetName=PA0 Pin=JP1-6
Added Net: Name=PA0
Added Pin To Net: NetName=PA2 Pin=JP1-8
Added Pin To Net: NetName=PA2 Pin=JP8-1
Added Net: Name=PA2
Added Pin To Net: NetName=PA3 Pin=JP1-9
Added Pin To Net: NetName=PA3 Pin=JP8-2
Added Net: Name=PA3
Added Pin To Net: NetName=PA4 Pin=JP1-10
Added Net: Name=PA4
Added Pin To Net: NetName=PA5 Pin=JP1-11
Added Net: Name=PA5
Added Pin To Net: NetName=PA6 Pin=JP1-12
Added Net: Name=PA6
Added Pin To Net: NetName=PA7 Pin=JP1-13
Added Net: Name=PA7
Added Pin To Net: NetName=PA8 Pin=JP2-12
Added Net: Name=PA8
Added Pin To Net: NetName=PA9 Pin=JP2-13
Added Pin To Net: NetName=PA9 Pin=JP7-1
Added Net: Name=PA9
Added Pin To Net: NetName=PA10 Pin=JP2-14
Added Pin To Net: NetName=PA10 Pin=JP7-2
Added Net: Name=PA10
Added Pin To Net: NetName=PA11 Pin=JP2-15
Added Net: Name=PA11
Added Pin To Net: NetName=PA12 Pin=JP2-16
Added Net: Name=PA12
Added Pin To Net: NetName=PA13 Pin=JP2-17
Added Net: Name=PA13
Added Pin To Net: NetName=PA14 Pin=JP2-18
Added Net: Name=PA14
Added Pin To Net: NetName=PA15 Pin=JP2-19
Added Net: Name=PA15
Added Pin To Net: NetName=PB0 Pin=JP1-16
Added Net: Name=PB0
Added Pin To Net: NetName=PB1 Pin=JP1-17
Added Net: Name=PB1
Added Pin To Net: NetName=PB2 Pin=JP1-18
Added Net: Name=PB2
Added Pin To Net: NetName=PB3 Pin=JP2-31
Added Net: Name=PB3
Added Pin To Net: NetName=PB4 Pin=JP2-32
Added Net: Name=PB4
Added Pin To Net: NetName=PB5 Pin=JP2-33
Added Net: Name=PB5
Added Pin To Net: NetName=PB6 Pin=JP2-34
Added Net: Name=PB6
Added Pin To Net: NetName=PB7 Pin=JP2-35
Added Net: Name=PB7
Added Pin To Net: NetName=PB8 Pin=JP2-37
Added Net: Name=PB8
Added Pin To Net: NetName=PB9 Pin=JP2-38
Added Net: Name=PB9
Added Pin To Net: NetName=PB10 Pin=JP1-28
Added Pin To Net: NetName=PB10 Pin=JP8-3
Added Net: Name=PB10
Added Pin To Net: NetName=PB11 Pin=JP1-29
Added Pin To Net: NetName=PB11 Pin=JP8-4
Added Net: Name=PB11
Added Pin To Net: NetName=PB12 Pin=JP1-30
Added Net: Name=PB12
Added Pin To Net: NetName=PB13 Pin=JP1-31
Added Net: Name=PB13
Added Pin To Net: NetName=PB14 Pin=JP1-32
Added Net: Name=PB14
Added Pin To Net: NetName=PB15 Pin=JP1-33
Added Net: Name=PB15
Added Pin To Net: NetName=PC0 Pin=JP1-2
Added Net: Name=PC0
Added Pin To Net: NetName=PC1 Pin=JP1-3
Added Net: Name=PC1
Added Pin To Net: NetName=PC2 Pin=JP1-4
Added Net: Name=PC2
Added Pin To Net: NetName=PC3 Pin=JP1-5
Added Net: Name=PC3
Added Pin To Net: NetName=PC4 Pin=JP1-14
Added Net: Name=PC4
Added Pin To Net: NetName=PC5 Pin=JP1-15
Added Net: Name=PC5
Added Pin To Net: NetName=PC6 Pin=JP2-8
Added Pin To Net: NetName=PC6 Pin=R18-1
Added Net: Name=PC6
Added Pin To Net: NetName=PC7 Pin=JP2-9
Added Pin To Net: NetName=PC7 Pin=R15-1
Added Net: Name=PC7
Added Pin To Net: NetName=PC8 Pin=JP2-10
Added Pin To Net: NetName=PC8 Pin=R13-1
Added Net: Name=PC8
Added Pin To Net: NetName=PC9 Pin=JP2-11
Added Pin To Net: NetName=PC9 Pin=R16-1
Added Net: Name=PC9
Added Pin To Net: NetName=PC10 Pin=JP2-20
Added Pin To Net: NetName=PC10 Pin=JP7-3
Added Net: Name=PC10
Added Pin To Net: NetName=PC11 Pin=JP2-21
Added Pin To Net: NetName=PC11 Pin=JP7-4
Added Net: Name=PC11
Added Pin To Net: NetName=PC12 Pin=JP2-22
Added Pin To Net: NetName=PC12 Pin=JP7-5
Added Net: Name=PC12
Added Pin To Net: NetName=PC13 Pin=JP2-46
Added Net: Name=PC13
Added Pin To Net: NetName=PC14 Pin=JP2-47
Added Net: Name=PC14
Added Pin To Net: NetName=PC15 Pin=JP2-48
Added Net: Name=PC15
Added Pin To Net: NetName=PD0 Pin=JP2-23
Added Net: Name=PD0
Added Pin To Net: NetName=PD1 Pin=JP2-24
Added Net: Name=PD1
Added Pin To Net: NetName=PD2 Pin=JP2-25
Added Pin To Net: NetName=PD2 Pin=JP7-6
Added Net: Name=PD2
Added Pin To Net: NetName=PD3 Pin=JP2-26
Added Net: Name=PD3
Added Pin To Net: NetName=PD4 Pin=JP2-27
Added Net: Name=PD4
Added Pin To Net: NetName=PD5 Pin=JP2-28
Added Net: Name=PD5
Added Pin To Net: NetName=PD6 Pin=JP2-29
Added Net: Name=PD6
Added Pin To Net: NetName=PD7 Pin=JP2-30
Added Net: Name=PD7
Added Pin To Net: NetName=PD8 Pin=JP1-34
Added Net: Name=PD8
Added Pin To Net: NetName=PD9 Pin=JP1-35
Added Net: Name=PD9
Added Pin To Net: NetName=PD10 Pin=JP1-36
Added Net: Name=PD10
Added Pin To Net: NetName=PD11 Pin=JP1-37
Added Net: Name=PD11
Added Pin To Net: NetName=PD12 Pin=JP1-38
Added Pin To Net: NetName=PD12 Pin=R31-1
Added Net: Name=PD12
Added Pin To Net: NetName=PD13 Pin=JP1-39
Added Pin To Net: NetName=PD13 Pin=R14-1
Added Net: Name=PD13
Added Pin To Net: NetName=PD14 Pin=JP1-40
Added Pin To Net: NetName=PD14 Pin=R17-1
Added Net: Name=PD14
Added Pin To Net: NetName=PD15 Pin=JP1-41
Added Pin To Net: NetName=PD15 Pin=R19-1
Added Net: Name=PD15
Added Pin To Net: NetName=PE0 Pin=JP2-39
Added Net: Name=PE0
Added Pin To Net: NetName=PE1 Pin=JP2-40
Added Net: Name=PE1
Added Pin To Net: NetName=PE2 Pin=JP2-41
Added Net: Name=PE2
Added Pin To Net: NetName=PE3 Pin=JP2-42
Added Net: Name=PE3
Added Pin To Net: NetName=PE4 Pin=JP2-43
Added Net: Name=PE4
Added Pin To Net: NetName=PE5 Pin=JP2-44
Added Net: Name=PE5
Added Pin To Net: NetName=PE6 Pin=JP2-45
Added Net: Name=PE6
Added Pin To Net: NetName=PE7 Pin=JP1-19
Added Net: Name=PE7
Added Pin To Net: NetName=PE8 Pin=JP1-20
Added Net: Name=PE8
Added Pin To Net: NetName=PE9 Pin=JP1-21
Added Net: Name=PE9
Added Pin To Net: NetName=PE10 Pin=JP1-22
Added Net: Name=PE10
Added Pin To Net: NetName=PE11 Pin=JP1-23
Added Net: Name=PE11
Added Pin To Net: NetName=PE12 Pin=JP1-24
Added Net: Name=PE12
Added Pin To Net: NetName=PE13 Pin=JP1-25
Added Net: Name=PE13
Added Pin To Net: NetName=PE14 Pin=JP1-26
Added Net: Name=PE14
Added Pin To Net: NetName=PE15 Pin=JP1-27
Added Net: Name=PE15
Added Pin To Net: NetName=PWM1 Pin=JP3-2
Added Pin To Net: NetName=PWM1 Pin=R18-2
Added Net: Name=PWM1
Added Pin To Net: NetName=PWM2 Pin=JP4-2
Added Pin To Net: NetName=PWM2 Pin=R15-2
Added Net: Name=PWM2
Added Pin To Net: NetName=PWM3 Pin=JP5-2
Added Pin To Net: NetName=PWM3 Pin=R13-2
Added Net: Name=PWM3
Added Pin To Net: NetName=PWM4 Pin=JP6-2
Added Pin To Net: NetName=PWM4 Pin=R16-2
Added Net: Name=PWM4
Added Pin To Net: NetName=RS1035-1 Pin=JP14-3
Added Pin To Net: NetName=RS1035-1 Pin=R31-2
Added Net: Name=RS1035-1
Added Pin To Net: NetName=RS1035-2 Pin=JP13-3
Added Pin To Net: NetName=RS1035-2 Pin=R14-2
Added Net: Name=RS1035-2
Added Pin To Net: NetName=RS1035-3 Pin=JP11-3
Added Pin To Net: NetName=RS1035-3 Pin=R17-2
Added Net: Name=RS1035-3
Added Pin To Net: NetName=RS1035-4 Pin=JP10-3
Added Pin To Net: NetName=RS1035-4 Pin=R19-2
Added Net: Name=RS1035-4
Added Pin To Net: NetName=STM32_AD Pin=JP1-7
Added Pin To Net: NetName=STM32_AD Pin=U4-5
Added Net: Name=STM32_AD
Added Pin To Net: NetName=VIN Pin=511-1
Added Pin To Net: NetName=VIN Pin=CN1-2
Added Pin To Net: NetName=VIN Pin=JP3-3
Added Pin To Net: NetName=VIN Pin=JP4-3
Added Pin To Net: NetName=VIN Pin=JP5-3
Added Pin To Net: NetName=VIN Pin=JP6-3
Added Pin To Net: NetName=VIN Pin=R2-2
Added Pin To Net: NetName=VIN Pin=R5-2
Added Pin To Net: NetName=VIN Pin=R12-2
Added Net: Name=VIN
Added Pin To Net: NetName=VREF Pin=C12-2
Added Pin To Net: NetName=VREF Pin=C13-2
Added Pin To Net: NetName=VREF Pin=U3-6
Added Pin To Net: NetName=VREF Pin=U4-3
Added Net: Name=VREF
Added Class: Name=Sheet1
Added Class: Name=Sheet2
Added Room: Name=Sheet1
Added Room: Name=Sheet2
