Removed Pin From Net: NetName=PA9 Pin=JP7-1
Removed Pin From Net: NetName=PA10 Pin=JP7-2
Removed Pin From Net: NetName=PA2 Pin=JP7-3
Removed Pin From Net: NetName=PA3 Pin=JP7-4
Removed Pin From Net: NetName=PB10 Pin=JP7-5
Removed Pin From Net: NetName=PB11 Pin=JP7-6
Removed Pin From Net: NetName=PC10 Pin=JP7-7
Removed Pin From Net: NetName=PC11 Pin=JP7-8
Removed Pin From Net: NetName=PC12 Pin=JP7-9
Removed Pin From Net: NetName=PD2 Pin=JP7-10
Removed Pin From Net: NetName=PA6 Pin=JP17-1
Removed Pin From Net: NetName=PA5 Pin=JP17-3
Removed Pin From Net: NetName=PA7 Pin=JP17-4
Removed Pin From Net: NetName=PC5 Pin=JP17-6
Removed Pin From Net: NetName=PD2 Pin=U4-1
Removed Pin From Net: NetName=PA4 Pin=U4-2
Removed Pin From Net: NetName=PA4 Pin=U4-3
Removed Pin From Net: NetName=PC12 Pin=U4-4
Removed Member From Class: ClassName=Sheet2 Member=JP7
Added Component: Designator=UART1(XH2.54-WI-2P)
Add component. Clean all parameters for all variants
Add component (AddParameter): Name = "BOM名称"; Value = "2P接插件"; VariantName = "[No Variations]"
Add component (AddParameter): Name = "学习资源"; Value = "www.ooocke.com"; VariantName = "[No Variations]"
Add component (AddParameter): Name = "版权归属"; Value = "源创客"; VariantName = "[No Variations]"
Added Component: Designator=UART2(XH2.54-WI-2P)
Add component. Clean all parameters for all variants
Add component (AddParameter): Name = "BOM名称"; Value = "2P接插件"; VariantName = "[No Variations]"
Add component (AddParameter): Name = "学习资源"; Value = "www.ooocke.com"; VariantName = "[No Variations]"
Add component (AddParameter): Name = "版权归属"; Value = "源创客"; VariantName = "[No Variations]"
Added Component: Designator=UART4(XH2.54-WI-2P)
Add component. Clean all parameters for all variants
Add component (AddParameter): Name = "BOM名称"; Value = "2P接插件"; VariantName = "[No Variations]"
Add component (AddParameter): Name = "学习资源"; Value = "www.ooocke.com"; VariantName = "[No Variations]"
Add component (AddParameter): Name = "版权归属"; Value = "源创客"; VariantName = "[No Variations]"
Added Component: Designator=UART5(XH2.54-WI-2P)
Add component. Clean all parameters for all variants
Add component (AddParameter): Name = "BOM名称"; Value = "2P接插件"; VariantName = "[No Variations]"
Add component (AddParameter): Name = "学习资源"; Value = "www.ooocke.com"; VariantName = "[No Variations]"
Add component (AddParameter): Name = "版权归属"; Value = "源创客"; VariantName = "[No Variations]"
Added Component: Designator=UASRT3(XH2.54-WI-2P)
Add component. Clean all parameters for all variants
Add component (AddParameter): Name = "BOM名称"; Value = "2P接插件"; VariantName = "[No Variations]"
Add component (AddParameter): Name = "学习资源"; Value = "www.ooocke.com"; VariantName = "[No Variations]"
Add component (AddParameter): Name = "版权归属"; Value = "源创客"; VariantName = "[No Variations]"
Added Pin To Net: NetName=PC0 Pin=JP17-1
Added Pin To Net: NetName=PC1 Pin=JP17-3
Added Pin To Net: NetName=PC2 Pin=JP17-4
Added Pin To Net: NetName=PC3 Pin=JP17-6
Added Pin To Net: NetName=GND Pin=PS2-1
Added Pin To Net: NetName=5V Pin=PS2-2
Added Pin To Net: NetName=PA7 Pin=PS2-3
Added Pin To Net: NetName=PA6 Pin=PS2-4
Added Pin To Net: NetName=PC5 Pin=PS2-5
Added Pin To Net: NetName=PA5 Pin=PS2-6
Added Pin To Net: NetName=PC11 Pin=U4-1
Added Pin To Net: NetName=PC10 Pin=U4-4
Added Pin To Net: NetName=PA9 Pin=UART1-1
Added Pin To Net: NetName=PA10 Pin=UART1-2
Added Pin To Net: NetName=PA2 Pin=UART2-1
Added Pin To Net: NetName=PA3 Pin=UART2-2
Added Pin To Net: NetName=PC10 Pin=UART4-1
Added Pin To Net: NetName=PC11 Pin=UART4-2
Added Pin To Net: NetName=PC12 Pin=UART5-1
Added Pin To Net: NetName=PD2 Pin=UART5-2
Added Pin To Net: NetName=PB10 Pin=UASRT3-1
Added Pin To Net: NetName=PB11 Pin=UASRT3-2
Added Pin To Net: NetName=NetU4_2 Pin=U4-2
Added Pin To Net: NetName=NetU4_2 Pin=U4-3
Added Net: Name=NetU4_2
Added Member To Class: ClassName=Sheet1 Member=Component JP1 Header 2X25
Added Member To Class: ClassName=Sheet2 Member=Component UART1 HDR-1X2
Added Member To Class: ClassName=Sheet2 Member=Component UART2 HDR-1X2
Added Member To Class: ClassName=Sheet2 Member=Component UART4 HDR-1X2
Added Member To Class: ClassName=Sheet2 Member=Component UART5 HDR-1X2
Added Member To Class: ClassName=Sheet2 Member=Component UASRT3 HDR-1X2
Added Room: Name=Sheet1
Added Room: Name=Sheet2
