Added Component: Designator=JP1(HDR2.54-LI-2X25P)
Add component (AddParameter): Name = "BOM名称"; Value = "20*2P接插件"; VariantName = "[No Variations]"
Add component (AddParameter): Name = "学习资源"; Value = "www.ooocke.com"; VariantName = "[No Variations]"
Add component (AddParameter): Name = "版权归属"; Value = "源创客"; VariantName = "[No Variations]"
Added Component: Designator=JP2(HDR2.54-LI-2X25P)
Add component (AddParameter): Name = "BOM名称"; Value = "20*2P接插件"; VariantName = "[No Variations]"
Add component (AddParameter): Name = "学习资源"; Value = "www.ooocke.com"; VariantName = "[No Variations]"
Add component (AddParameter): Name = "版权归属"; Value = "源创客"; VariantName = "[No Variations]"
Added Pin To Net: NetName=NRST Pin=JP1-1
Added Pin To Net: NetName=PC0 Pin=JP1-2
Added Pin To Net: NetName=PC1 Pin=JP1-3
Added Pin To Net: NetName=PC2 Pin=JP1-4
Added Pin To Net: NetName=PC3 Pin=JP1-5
Added Pin To Net: NetName=PA0 Pin=JP1-6
Added Pin To Net: NetName=PA1 Pin=JP1-7
Added Pin To Net: NetName=PA2 Pin=JP1-8
Added Pin To Net: NetName=PA3 Pin=JP1-9
Added Pin To Net: NetName=PA4 Pin=JP1-10
Added Pin To Net: NetName=PA5 Pin=JP1-11
Added Pin To Net: NetName=PA6 Pin=JP1-12
Added Pin To Net: NetName=PA7 Pin=JP1-13
Added Pin To Net: NetName=PC4 Pin=JP1-14
Added Pin To Net: NetName=PC5 Pin=JP1-15
Added Pin To Net: NetName=PB0 Pin=JP1-16
Added Pin To Net: NetName=PB1 Pin=JP1-17
Added Pin To Net: NetName=PB2 Pin=JP1-18
Added Pin To Net: NetName=PE7 Pin=JP1-19
Added Pin To Net: NetName=PE8 Pin=JP1-20
Added Pin To Net: NetName=PE9 Pin=JP1-21
Added Pin To Net: NetName=PE10 Pin=JP1-22
Added Pin To Net: NetName=PE11 Pin=JP1-23
Added Pin To Net: NetName=PE12 Pin=JP1-24
Added Pin To Net: NetName=PE13 Pin=JP1-25
Added Pin To Net: NetName=PE14 Pin=JP1-26
Added Pin To Net: NetName=PE15 Pin=JP1-27
Added Pin To Net: NetName=PB10 Pin=JP1-28
Added Pin To Net: NetName=PB11 Pin=JP1-29
Added Pin To Net: NetName=PB12 Pin=JP1-30
Added Pin To Net: NetName=PB13 Pin=JP1-31
Added Pin To Net: NetName=PB14 Pin=JP1-32
Added Pin To Net: NetName=PB15 Pin=JP1-33
Added Pin To Net: NetName=PD8 Pin=JP1-34
Added Pin To Net: NetName=PD9 Pin=JP1-35
Added Pin To Net: NetName=PD10 Pin=JP1-36
Added Pin To Net: NetName=PD11 Pin=JP1-37
Added Pin To Net: NetName=PD12 Pin=JP1-38
Added Pin To Net: NetName=PD13 Pin=JP1-39
Added Pin To Net: NetName=PD14 Pin=JP1-40
Added Pin To Net: NetName=PD15 Pin=JP1-41
Added Pin To Net: NetName=NetJP1_42 Pin=JP1-42
Added Pin To Net: NetName=NetJP1_43 Pin=JP1-43
Added Pin To Net: NetName=NetJP1_44 Pin=JP1-44
Added Pin To Net: NetName=NetJP1_45 Pin=JP1-45
Added Pin To Net: NetName=NetJP1_46 Pin=JP1-46
Added Pin To Net: NetName=NetJP1_47 Pin=JP1-47
Added Pin To Net: NetName=NetJP1_48 Pin=JP1-48
Added Pin To Net: NetName=NetJP1_49 Pin=JP1-49
Added Pin To Net: NetName=GND Pin=JP1-50
Added Pin To Net: NetName=NetJP2_2 Pin=JP2-2
Added Pin To Net: NetName=NetJP2_3 Pin=JP2-3
Added Pin To Net: NetName=NetJP2_4 Pin=JP2-4
Added Pin To Net: NetName=NetJP2_5 Pin=JP2-5
Added Pin To Net: NetName=NetJP2_6 Pin=JP2-6
Added Pin To Net: NetName=NetJP2_7 Pin=JP2-7
Added Pin To Net: NetName=PC6 Pin=JP2-8
Added Pin To Net: NetName=PC7 Pin=JP2-9
Added Pin To Net: NetName=PC8 Pin=JP2-10
Added Pin To Net: NetName=PC9 Pin=JP2-11
Added Pin To Net: NetName=PA8 Pin=JP2-12
Added Pin To Net: NetName=PA9 Pin=JP2-13
Added Pin To Net: NetName=PA10 Pin=JP2-14
Added Pin To Net: NetName=PA11 Pin=JP2-15
Added Pin To Net: NetName=PA12 Pin=JP2-16
Added Pin To Net: NetName=PA13 Pin=JP2-17
Added Pin To Net: NetName=PA14 Pin=JP2-18
Added Pin To Net: NetName=PA15 Pin=JP2-19
Added Pin To Net: NetName=PC10 Pin=JP2-20
Added Pin To Net: NetName=PC11 Pin=JP2-21
Added Pin To Net: NetName=PC12 Pin=JP2-22
Added Pin To Net: NetName=PD0 Pin=JP2-23
Added Pin To Net: NetName=PD1 Pin=JP2-24
Added Pin To Net: NetName=PD2 Pin=JP2-25
Added Pin To Net: NetName=PD3 Pin=JP2-26
Added Pin To Net: NetName=PD4 Pin=JP2-27
Added Pin To Net: NetName=PD5 Pin=JP2-28
Added Pin To Net: NetName=PD6 Pin=JP2-29
Added Pin To Net: NetName=PD7 Pin=JP2-30
Added Pin To Net: NetName=PB3 Pin=JP2-31
Added Pin To Net: NetName=PB4 Pin=JP2-32
Added Pin To Net: NetName=PB5 Pin=JP2-33
Added Pin To Net: NetName=PB6 Pin=JP2-34
Added Pin To Net: NetName=PB7 Pin=JP2-35
Added Pin To Net: NetName=BOOT0 Pin=JP2-36
Added Pin To Net: NetName=PB8 Pin=JP2-37
Added Pin To Net: NetName=PB9 Pin=JP2-38
Added Pin To Net: NetName=PE0 Pin=JP2-39
Added Pin To Net: NetName=PE1 Pin=JP2-40
Added Pin To Net: NetName=PE2 Pin=JP2-41
Added Pin To Net: NetName=PE3 Pin=JP2-42
Added Pin To Net: NetName=PE4 Pin=JP2-43
Added Pin To Net: NetName=PE5 Pin=JP2-44
Added Pin To Net: NetName=PE6 Pin=JP2-45
Added Pin To Net: NetName=PC13 Pin=JP2-46
Added Pin To Net: NetName=PC14 Pin=JP2-47
Added Pin To Net: NetName=PC15 Pin=JP2-48
Added Pin To Net: NetName=GND Pin=JP2-49
Added Pin To Net: NetName=5V Pin=JP2-50
Added Member To Class: ClassName=Sheet1 Member=Component JP1 Header 2X25
Added Member To Class: ClassName=Sheet1 Member=Component JP2 Header 2X25
