Removed Pin From Net: NetName=GND Pin=C8-1
Change Component Designator: OldDesignator=C8 NewDesignator=C6
Change Component Designator: OldDesignator=C8 NewDesignator=C7
Change Component Designator: OldDesignator=C8 NewDesignator=C9
Change Component Designator: OldDesignator=C8 NewDesignator=C10
Change Component Designator: OldDesignator=C8 NewDesignator=D2
Change Component Designator: OldDesignator=C8 NewDesignator=L2
Change Component Designator: OldDesignator=C8 NewDesignator=R4
Change Component Designator: OldDesignator=C8 NewDesignator=R5
Change Component Designator: OldDesignator=C8 NewDesignator=R6
Change Component Designator: OldDesignator=C8 NewDesignator=U2
Added Pin To Net: NetName=GND Pin=C3-1
Added Pin To Net: NetName=GND Pin=C5-2
Added Pin To Net: NetName=GND Pin=C8-1
Added Pin To Net: NetName=GND Pin=C10-2
Added Pin To Net: NetName=GND Pin=R2-1
Added Pin To Net: NetName=GND Pin=R5-1
Added Pin To Net: NetName=GND Pin=U1-7
Added Pin To Net: NetName=GND Pin=U2-7
Added Member To Class: ClassName=Sheet1 Member=Component C6 10nF (103) 10% 50V
Added Member To Class: ClassName=Sheet1 Member=Component C8 10uF/50V
Added Member To Class: ClassName=Sheet1 Member=Component C9 22nF (223) 10% 50V
Added Member To Class: ClassName=Sheet1 Member=Component C10 22nF (223) 10% 50V
Added Member To Class: ClassName=Sheet1 Member=Component D2 SS54
Added Member To Class: ClassName=Sheet1 Member=Component L2 33uH
Added Member To Class: ClassName=Sheet1 Member=Component R4 27K¦¸ (2702) ¡À1%
Added Member To Class: ClassName=Sheet1 Member=Component R5 0¦¸ (0R0) ¡À1%
Added Member To Class: ClassName=Sheet1 Member=Component R6 8.2K¦¸ (8201) ¡À1%
Added Member To Class: ClassName=Sheet1 Member=Component U2 TPS5450DDAR
