Removed Pin From Net: NetName=GND Pin=C11-1
Removed Pin From Net: NetName=5V Pin=C11-2
Removed Pin From Net: NetName=GND Pin=C12-1
Removed Pin From Net: NetName=GND Pin=C13-1
Removed Pin From Net: NetName=5V Pin=C16-1
Removed Pin From Net: NetName=GND Pin=C16-2
Removed Pin From Net: NetName=5V Pin=C17-2
Removed Pin From Net: NetName=GND Pin=C18-2
Removed Pin From Net: NetName=GND Pin=JP17-3
Removed Pin From Net: NetName=IN- Pin=R7-1
Removed Pin From Net: NetName=GND Pin=R7-2
Removed Pin From Net: NetName=IN- Pin=R9-1
Removed Pin From Net: NetName=IN+ Pin=R10-2
Removed Pin From Net: NetName=5V Pin=U3-2
Removed Pin From Net: NetName=GND Pin=U3-4
Removed Pin From Net: NetName=GND Pin=U4-2
Removed Pin From Net: NetName=STM32_AD Pin=U4-5
Removed Pin From Net: NetName=5V Pin=U4-6
Removed Pin From Net: NetName=GND Pin=U4-7
Removed Pin From Net: NetName=IN+ Pin=U4-8
Removed Pin From Net: NetName=NetC15_1 Pin=U5-4
Removed Pin From Net: NetName=PA9 Pin=U5-11
Removed Pin From Net: NetName=PA10 Pin=U5-12
Removed Pin From Net: NetName=GND Pin=U5-15
Removed Pin From Net: NetName=5V Pin=U5-16
Change Component Footprint: Designator=C16 Old Footprint=0603_C New Footprint=KF350-3P
Change Component Footprint: Designator=C17 Old Footprint=0603_C New Footprint=SOIC-16_150mil
Change Component Comment : Designator=C11 Old Comment=1uF (105) 10% 50V New Comment=100nF
Change Component Comment : Designator=C12 Old Comment=1uF (105) 10% 50V New Comment=100nF
Change Component Comment : Designator=C13 Old Comment=10pF (100) 5% 50V New Comment=100nF
Change Component Comment : Designator=C16 Old Comment=100nF New Comment=HDR-1X3
Change Component Comment : Designator=C17 Old Comment=100nF New Comment=MAX3232IDR C18261
Change Component Designator: OldDesignator=C16 NewDesignator=JP8
Change Component Designator: OldDesignator=C17 NewDesignator=U3
Added Pin To Net: NetName=5V Pin=C13-2
Added Pin To Net: NetName=5V Pin=C14-1
Added Pin To Net: NetName=GND Pin=C14-2
Added Pin To Net: NetName=GND Pin=C15-2
Added Pin To Net: NetName=GND Pin=JP8-3
Added Pin To Net: NetName=NetC15_1 Pin=U3-6
Added Pin To Net: NetName=PA9 Pin=U3-11
Added Pin To Net: NetName=PA10 Pin=U3-12
Added Pin To Net: NetName=GND Pin=U3-15
Added Pin To Net: NetName=5V Pin=U3-16
Added Pin To Net: NetName=NetC11_1 Pin=C11-1
Added Pin To Net: NetName=NetC11_1 Pin=U3-3
Added Net: Name=NetC11_1
Added Pin To Net: NetName=NetC11_2 Pin=C11-2
Added Pin To Net: NetName=NetC11_2 Pin=U3-1
Added Net: Name=NetC11_2
Added Pin To Net: NetName=NetC12_1 Pin=C12-1
Added Pin To Net: NetName=NetC12_1 Pin=U3-4
Added Net: Name=NetC12_1
Added Pin To Net: NetName=NetC12_2 Pin=C12-2
Added Pin To Net: NetName=NetC12_2 Pin=U3-5
Added Net: Name=NetC12_2
Added Pin To Net: NetName=NetC13_1 Pin=C13-1
Added Pin To Net: NetName=NetC13_1 Pin=U3-2
Added Net: Name=NetC13_1
Added Pin To Net: NetName=NetJP8_1 Pin=JP8-1
Added Pin To Net: NetName=NetJP8_1 Pin=U3-14
Added Net: Name=NetJP8_1
Added Pin To Net: NetName=NetJP8_2 Pin=JP8-2
Added Pin To Net: NetName=NetJP8_2 Pin=U3-13
Added Net: Name=NetJP8_2
Added Member To Class: ClassName=Sheet1 Member=Component JP8 HDR-1X3
Added Member To Class: ClassName=Sheet1 Member=Component JP17 HDR-1X6
Added Member To Class: ClassName=Sheet1 Member=Component U3 MAX3232IDR C18261
Added Room: Name=Sheet1
Added Room: Name=Sheet2
