Removed Pin From Net: NetName=RS1035-4 Pin=JP10-2
Removed Pin From Net: NetName=5V Pin=JP10-3
Removed Pin From Net: NetName=RS1035-3 Pin=JP11-2
Removed Pin From Net: NetName=5V Pin=JP11-3
Removed Pin From Net: NetName=RS1035-2 Pin=JP13-2
Removed Pin From Net: NetName=5V Pin=JP13-3
Removed Pin From Net: NetName=RS1035-1 Pin=JP14-2
Removed Pin From Net: NetName=5V Pin=JP14-3
Removed Pin From Net: NetName=GND Pin=R7-1
Removed Pin From Net: NetName=IN- Pin=R7-2
Removed Pin From Net: NetName=NetR9_1 Pin=R9-1
Removed Pin From Net: NetName=IN- Pin=R9-2
Change Component Footprint: Designator=R7 Old Footprint=1206_R New Footprint=CR1608-0603
Change Component Footprint: Designator=R9 Old Footprint=1206_R New Footprint=CR1608-0603
Change Component Comment : Designator=R7 Old Comment=0¦¸ (0R0) ¡À1% New Comment=Resistor Chip 0603
Change Component Comment : Designator=R9 Old Comment=0¦¸ (0R0) ¡À1% New Comment=Resistor Chip 0603
Change component parameters: Designator = "R7"; Footprint = "CR1608-0603"; UniqueID = "\ETDICXDC"
Change component parameters. Clean all parameters for all variants
Change component parameters (AddParameter): Name = "Published"; Value = "8-Jun-2000"; VariantName = "[No Variations]"
Change component parameters (AddParameter): Name = "Publisher"; Value = "Altium Limited"; VariantName = "[No Variations]"
Change component parameters (AddParameter): Name = "Revision"; Value = "July-2002: Re-released for DXP Platform."; VariantName = "[No Variations]"
Change component parameters (AddParameter): Name = "Value"; Value = "0"; VariantName = "[No Variations]"
Change component parameters: Designator = "R9"; Footprint = "CR1608-0603"; UniqueID = "\FMFPJMQT"
Change component parameters. Clean all parameters for all variants
Change component parameters (AddParameter): Name = "Published"; Value = "8-Jun-2000"; VariantName = "[No Variations]"
Change component parameters (AddParameter): Name = "Publisher"; Value = "Altium Limited"; VariantName = "[No Variations]"
Change component parameters (AddParameter): Name = "Revision"; Value = "July-2002: Re-released for DXP Platform."; VariantName = "[No Variations]"
Change component parameters (AddParameter): Name = "Value"; Value = "0"; VariantName = "[No Variations]"
Added Pin To Net: NetName=5V Pin=JP10-2
Added Pin To Net: NetName=RS1035-4 Pin=JP10-3
Added Pin To Net: NetName=5V Pin=JP11-2
Added Pin To Net: NetName=RS1035-3 Pin=JP11-3
Added Pin To Net: NetName=5V Pin=JP13-2
Added Pin To Net: NetName=RS1035-2 Pin=JP13-3
Added Pin To Net: NetName=5V Pin=JP14-2
Added Pin To Net: NetName=RS1035-1 Pin=JP14-3
Added Pin To Net: NetName=IN- Pin=R7-1
Added Pin To Net: NetName=GND Pin=R7-2
Added Pin To Net: NetName=IN- Pin=R9-1
Added Pin To Net: NetName=NetR9_1 Pin=R9-2
Change Net Name : Old Net Name=NetR9_1 New Net Name=NetR9_2
Added Room: Name=Sheet1
Added Room: Name=Sheet2
