Removed Pin From Net: NetName=RS1035-4 Pin=JP7-2
Removed Pin From Net: NetName=5V Pin=JP7-3
Removed Pin From Net: NetName=RS1035-3 Pin=JP8-2
Removed Pin From Net: NetName=5V Pin=JP8-3
Removed Pin From Net: NetName=RS1035-2 Pin=JP9-2
Removed Pin From Net: NetName=5V Pin=JP9-3
Removed Pin From Net: NetName=RS1035-1 Pin=JP10-2
Removed Pin From Net: NetName=GND Pin=Q3-2
Removed Pin From Net: NetName=PWM4 Pin=Q3-3
Removed Pin From Net: NetName=GND Pin=Q4-2
Removed Pin From Net: NetName=PWM3 Pin=Q4-3
Removed Pin From Net: NetName=GND Pin=Q5-2
Removed Pin From Net: NetName=PWM2 Pin=Q5-3
Removed Pin From Net: NetName=GND Pin=Q6-2
Removed Pin From Net: NetName=PWM1 Pin=Q6-3
Removed Pin From Net: NetName=GND Pin=Q7-2
Removed Pin From Net: NetName=RS1035-4 Pin=Q7-3
Removed Pin From Net: NetName=GND Pin=Q8-2
Removed Pin From Net: NetName=RS1035-3 Pin=Q8-3
Removed Pin From Net: NetName=GND Pin=Q9-2
Removed Pin From Net: NetName=RS1035-2 Pin=Q9-3
Removed Pin From Net: NetName=GND Pin=Q10-2
Removed Pin From Net: NetName=RS1035-1 Pin=Q10-3
Removed Pin From Net: NetName=5V Pin=R12-1
Removed Pin From Net: NetName=PWM4 Pin=R12-2
Removed Pin From Net: NetName=5V Pin=R13-1
Removed Pin From Net: NetName=5V Pin=R14-1
Removed Pin From Net: NetName=PWM2 Pin=R14-2
Removed Pin From Net: NetName=5V Pin=R15-1
Removed Pin From Net: NetName=PWM1 Pin=R15-2
Removed Pin From Net: NetName=PC8 Pin=R17-1
Removed Pin From Net: NetName=PC7 Pin=R18-1
Removed Pin From Net: NetName=PC6 Pin=R19-1
Removed Pin From Net: NetName=GND Pin=R20-1
Removed Pin From Net: NetName=GND Pin=R21-1
Removed Pin From Net: NetName=GND Pin=R22-1
Removed Pin From Net: NetName=GND Pin=R23-1
Removed Pin From Net: NetName=5V Pin=R24-1
Removed Pin From Net: NetName=RS1035-4 Pin=R24-2
Removed Pin From Net: NetName=5V Pin=R25-1
Removed Pin From Net: NetName=RS1035-3 Pin=R25-2
Removed Pin From Net: NetName=5V Pin=R26-1
Removed Pin From Net: NetName=RS1035-2 Pin=R26-2
Removed Pin From Net: NetName=5V Pin=R27-1
Removed Pin From Net: NetName=RS1035-1 Pin=R27-2
Removed Pin From Net: NetName=PD15 Pin=R28-1
Removed Pin From Net: NetName=PD14 Pin=R29-1
Removed Pin From Net: NetName=PD13 Pin=R30-1
Removed Pin From Net: NetName=GND Pin=R32-1
Removed Pin From Net: NetName=GND Pin=R33-1
Removed Pin From Net: NetName=GND Pin=R34-1
Removed Pin From Net: NetName=GND Pin=R35-1
Removed Member From Class: ClassName=Sheet2 Member=Q3
Removed Member From Class: ClassName=Sheet2 Member=Q4
Removed Member From Class: ClassName=Sheet2 Member=Q5
Removed Member From Class: ClassName=Sheet2 Member=Q6
Removed Member From Class: ClassName=Sheet2 Member=Q7
Removed Member From Class: ClassName=Sheet2 Member=Q8
Removed Member From Class: ClassName=Sheet2 Member=Q9
Removed Member From Class: ClassName=Sheet2 Member=Q10
Removed Member From Class: ClassName=Sheet2 Member=R12
Removed Member From Class: ClassName=Sheet2 Member=R20
Removed Member From Class: ClassName=Sheet2 Member=R21
Removed Member From Class: ClassName=Sheet2 Member=R22
Removed Member From Class: ClassName=Sheet2 Member=R23
Removed Member From Class: ClassName=Sheet2 Member=R24
Removed Member From Class: ClassName=Sheet2 Member=R25
Removed Member From Class: ClassName=Sheet2 Member=R26
Removed Member From Class: ClassName=Sheet2 Member=R27
Removed Member From Class: ClassName=Sheet2 Member=R28
Removed Member From Class: ClassName=Sheet2 Member=R29
Removed Member From Class: ClassName=Sheet2 Member=R30
Removed Member From Class: ClassName=Sheet2 Member=R32
Removed Member From Class: ClassName=Sheet2 Member=R33
Removed Member From Class: ClassName=Sheet2 Member=R34
Removed Member From Class: ClassName=Sheet2 Member=R35
Change Component Footprint: Designator=R12 Old Footprint=0603_R New Footprint=AXIAL-0.3
Change Component Footprint: Designator=JP7 Old Footprint=KF350-3P New Footprint=XH2.54-LI-3P
Change Component Footprint: Designator=JP8 Old Footprint=KF350-3P New Footprint=XH2.54-LI-3P
Change Component Footprint: Designator=JP9 Old Footprint=KF350-3P New Footprint=XH2.54-LI-3P
Change Component Footprint: Designator=JP10 Old Footprint=KF350-3P New Footprint=XH2.54-LI-3P
Change Component Comment : Designator=R13 Old Comment=8.2KΩ (8201) ±1% New Comment=180Ω (1800) ±1%
Change Component Comment : Designator=R14 Old Comment=8.2KΩ (8201) ±1% New Comment=180Ω (1800) ±1%
Change Component Comment : Designator=R15 Old Comment=8.2KΩ (8201) ±1% New Comment=180Ω (1800) ±1%
Change Component Comment : Designator=R12 Old Comment=8.2KΩ (8201) ±1% New Comment=MOV
Change component parameters: Designator = "R13" ("R13"); Footprint = "0603_R"; UniqueID = "\SHQVGVKH" ("\SHQVGVKH")
Change component parameters (AddParameter): Name = "ComponentLink1Description"; Value = "供应商链接"; VariantName = "[No Variations]"
Change component parameters (AddParameter): Name = "ComponentLink1URL"; Value = "http://www.szlcsc.com/product/details_4618.html"; VariantName = "[No Variations]"
Change component parameters (AddParameter): Name = "Notepad"; Value = ""; VariantName = "[No Variations]"
Change component parameters (AddParameter): Name = "Package"; Value = "0603"; VariantName = "[No Variations]"
Change component parameters (AddParameter): Name = "Supplier"; Value = "LC"; VariantName = "[No Variations]"
Change component parameters (AddParameter): Name = "SuppliersPartNumber"; Value = "C4211"; VariantName = "[No Variations]"
Change component parameters: Designator = "R14" ("R14"); Footprint = "0603_R"; UniqueID = "\ZWURBYAO" ("\ZWURBYAO")
Change component parameters (AddParameter): Name = "ComponentLink1Description"; Value = "供应商链接"; VariantName = "[No Variations]"
Change component parameters (AddParameter): Name = "ComponentLink1URL"; Value = "http://www.szlcsc.com/product/details_4618.html"; VariantName = "[No Variations]"
Change component parameters (AddParameter): Name = "Notepad"; Value = ""; VariantName = "[No Variations]"
Change component parameters (AddParameter): Name = "Package"; Value = "0603"; VariantName = "[No Variations]"
Change component parameters (AddParameter): Name = "Supplier"; Value = "LC"; VariantName = "[No Variations]"
Change component parameters (AddParameter): Name = "SuppliersPartNumber"; Value = "C4211"; VariantName = "[No Variations]"
Change component parameters: Designator = "R15" ("R15"); Footprint = "0603_R"; UniqueID = "\YBIEGWAF" ("\YBIEGWAF")
Change component parameters (AddParameter): Name = "ComponentLink1Description"; Value = "供应商链接"; VariantName = "[No Variations]"
Change component parameters (AddParameter): Name = "ComponentLink1URL"; Value = "http://www.szlcsc.com/product/details_4618.html"; VariantName = "[No Variations]"
Change component parameters (AddParameter): Name = "Notepad"; Value = ""; VariantName = "[No Variations]"
Change component parameters (AddParameter): Name = "Package"; Value = "0603"; VariantName = "[No Variations]"
Change component parameters (AddParameter): Name = "Supplier"; Value = "LC"; VariantName = "[No Variations]"
Change component parameters (AddParameter): Name = "SuppliersPartNumber"; Value = "C4211"; VariantName = "[No Variations]"
Change component parameters: Designator = "R12" ("R12"); Footprint = "0603_R"; UniqueID = "\ACXTOAOY" ("\ACXTOAOY")
Change component parameters (AddParameter): Name = "LatestRevisionDate"; Value = "17-Jul-2002"; VariantName = "[No Variations]"
Change component parameters (AddParameter): Name = "LatestRevisionNote"; Value = "Re-released for DXP Platform."; VariantName = "[No Variations]"
Change component parameters (AddParameter): Name = "PackageDescription"; Value = "Axial Device, Thru-Hole; 2 Leads; 0.3 in Pin Spacing"; VariantName = "[No Variations]"
Change component parameters (AddParameter): Name = "PackageReference"; Value = "AXIAL-0.3"; VariantName = "[No Variations]"
Change component parameters (AddParameter): Name = "Published"; Value = "8-Jun-2000"; VariantName = "[No Variations]"
Change component parameters (AddParameter): Name = "Publisher"; Value = "Altium Limited"; VariantName = "[No Variations]"
Change component parameters (AddParameter): Name = "Value"; Value = "14D470K"; VariantName = "[No Variations]"
Added Component: Designator=JP11(XH2.54-LI-3P)
Add component (AddParameter): Name = "BOM名称"; Value = "3P接插件"; VariantName = "[No Variations]"
Add component (AddParameter): Name = "学习资源"; Value = "www.ooocke.com"; VariantName = "[No Variations]"
Add component (AddParameter): Name = "版权归属"; Value = "源创客"; VariantName = "[No Variations]"
Added Component: Designator=JP12(XH2.54-LI-3P)
Add component (AddParameter): Name = "BOM名称"; Value = "3P接插件"; VariantName = "[No Variations]"
Add component (AddParameter): Name = "学习资源"; Value = "www.ooocke.com"; VariantName = "[No Variations]"
Add component (AddParameter): Name = "版权归属"; Value = "源创客"; VariantName = "[No Variations]"
Added Component: Designator=JP13(XH2.54-LI-3P)
Add component (AddParameter): Name = "BOM名称"; Value = "3P接插件"; VariantName = "[No Variations]"
Add component (AddParameter): Name = "学习资源"; Value = "www.ooocke.com"; VariantName = "[No Variations]"
Add component (AddParameter): Name = "版权归属"; Value = "源创客"; VariantName = "[No Variations]"
Added Component: Designator=JP14(XH2.54-LI-3P)
Add component (AddParameter): Name = "BOM名称"; Value = "3P接插件"; VariantName = "[No Variations]"
Add component (AddParameter): Name = "学习资源"; Value = "www.ooocke.com"; VariantName = "[No Variations]"
Add component (AddParameter): Name = "版权归属"; Value = "源创客"; VariantName = "[No Variations]"
Added Component: Designator=JP15(XH2.54-LI-3P)
Add component (AddParameter): Name = "BOM名称"; Value = "3P接插件"; VariantName = "[No Variations]"
Add component (AddParameter): Name = "学习资源"; Value = "www.ooocke.com"; VariantName = "[No Variations]"
Add component (AddParameter): Name = "版权归属"; Value = "源创客"; VariantName = "[No Variations]"
Added Pin To Net: NetName=PA10 Pin=JP7-2
Added Pin To Net: NetName=PA9 Pin=JP7-3
Added Pin To Net: NetName=PA3 Pin=JP8-2
Added Pin To Net: NetName=PA2 Pin=JP8-3
Added Pin To Net: NetName=PB11 Pin=JP9-2
Added Pin To Net: NetName=PB10 Pin=JP9-3
Added Pin To Net: NetName=RS1035-4 Pin=JP10-2
Added Pin To Net: NetName=GND Pin=JP11-1
Added Pin To Net: NetName=RS1035-3 Pin=JP11-2
Added Pin To Net: NetName=5V Pin=JP11-3
Added Pin To Net: NetName=GND Pin=JP12-1
Added Pin To Net: NetName=PC11 Pin=JP12-2
Added Pin To Net: NetName=PC10 Pin=JP12-3
Added Pin To Net: NetName=GND Pin=JP13-1
Added Pin To Net: NetName=RS1035-2 Pin=JP13-2
Added Pin To Net: NetName=5V Pin=JP13-3
Added Pin To Net: NetName=GND Pin=JP14-1
Added Pin To Net: NetName=RS1035-1 Pin=JP14-2
Added Pin To Net: NetName=5V Pin=JP14-3
Added Pin To Net: NetName=GND Pin=JP15-1
Added Pin To Net: NetName=PD2 Pin=JP15-2
Added Pin To Net: NetName=PC12 Pin=JP15-3
Added Pin To Net: NetName=GND Pin=R12-1
Added Pin To Net: NetName=VIN Pin=R12-2
Added Pin To Net: NetName=PC8 Pin=R13-1
Added Pin To Net: NetName=PD13 Pin=R14-1
Added Pin To Net: NetName=RS1035-2 Pin=R14-2
Added Pin To Net: NetName=PC7 Pin=R15-1
Added Pin To Net: NetName=PWM2 Pin=R15-2
Added Pin To Net: NetName=PWM4 Pin=R16-2
Added Pin To Net: NetName=PD14 Pin=R17-1
Added Pin To Net: NetName=RS1035-3 Pin=R17-2
Added Pin To Net: NetName=PC6 Pin=R18-1
Added Pin To Net: NetName=PWM1 Pin=R18-2
Added Pin To Net: NetName=PD15 Pin=R19-1
Added Pin To Net: NetName=RS1035-4 Pin=R19-2
Added Pin To Net: NetName=RS1035-1 Pin=R31-2
Added Member To Class: ClassName=Sheet2 Member=Component JP11 HDR-1X3
Added Member To Class: ClassName=Sheet2 Member=Component JP12 HDR-1X3
Added Member To Class: ClassName=Sheet2 Member=Component JP13 HDR-1X3
Added Member To Class: ClassName=Sheet2 Member=Component JP14 HDR-1X3
Added Member To Class: ClassName=Sheet2 Member=Component JP15 HDR-1X3
Added Member To Class: ClassName=Sheet1 Member=Component R12 MOV
