Removed Pin From Net: NetName=PB10 Pin=JP7-6
Change Component Designator: OldDesignator=PWM1 NewDesignator=JP3
Change Component Designator: OldDesignator=PWM2 NewDesignator=JP4
Change Component Designator: OldDesignator=PWM3 NewDesignator=JP5
Change Component Designator: OldDesignator=PWM4 NewDesignator=JP6
Change Component Designator: OldDesignator=RS1 NewDesignator=JP14
Change Component Designator: OldDesignator=RS2 NewDesignator=JP13
Change Component Designator: OldDesignator=RS3 NewDesignator=JP11
Change Component Designator: OldDesignator=RS4 NewDesignator=JP10
Change component parameters: Designator = "CN1"; Footprint = "CONN-TH_XT60PW-M"; UniqueID = "\FUSLTOWW"
Change component parameters. Clean all parameters for all variants
Change component parameters (AddParameter): Name = "BOM_JLCPCB Part Class"; Value = "Extended Part"; VariantName = "[No Variations]"
Change component parameters (AddParameter): Name = "BOM_Manufacturer"; Value = "AMASS(艾迈斯)"; VariantName = "[No Variations]"
Change component parameters (AddParameter): Name = "BOM_Manufacturer Part"; Value = "XT60PW-M"; VariantName = "[No Variations]"
Change component parameters (AddParameter): Name = "BOM_Supplier"; Value = "LCSC"; VariantName = "[No Variations]"
Change component parameters (AddParameter): Name = "BOM_Supplier Part"; Value = "C98732"; VariantName = "[No Variations]"
Change component parameters (AddParameter): Name = "Contributor"; Value = "LCSC"; VariantName = "[No Variations]"
Change component parameters (AddParameter): Name = "spicePre"; Value = "C"; VariantName = "[No Variations]"
Change component parameters (AddParameter): Name = "spiceSymbolName"; Value = "XT60PW-M"; VariantName = "[No Variations]"
Change component parameters: Designator = "C1"; Footprint = "0805_C"; UniqueID = "\MYPDFGSC"
Change component parameters. Clean all parameters for all variants
Change component parameters (AddParameter): Name = "ComponentLink1Description"; Value = "供应商链接"; VariantName = "[No Variations]"
Change component parameters (AddParameter): Name = "ComponentLink1URL"; Value = "http://www.szlcsc.com/product/details_2062.html"; VariantName = "[No Variations]"
Change component parameters (AddParameter): Name = "Notepad"; Value = ""; VariantName = "[No Variations]"
Change component parameters (AddParameter): Name = "Package"; Value = "0805"; VariantName = "[No Variations]"
Change component parameters (AddParameter): Name = "Supplier"; Value = "LC"; VariantName = "[No Variations]"
Change component parameters (AddParameter): Name = "SuppliersPartNumber"; Value = "C1710"; VariantName = "[No Variations]"
Change component parameters: Designator = "C4"; Footprint = "0805_C"; UniqueID = "\OBOQPWAP"
Change component parameters. Clean all parameters for all variants
Change component parameters (AddParameter): Name = "ComponentLink1Description"; Value = "供应商链接"; VariantName = "[No Variations]"
Change component parameters (AddParameter): Name = "ComponentLink1URL"; Value = "http://www.szlcsc.com/product/details_2081.html"; VariantName = "[No Variations]"
Change component parameters (AddParameter): Name = "Notepad"; Value = ""; VariantName = "[No Variations]"
Change component parameters (AddParameter): Name = "Package"; Value = "0805"; VariantName = "[No Variations]"
Change component parameters (AddParameter): Name = "Supplier"; Value = "LC"; VariantName = "[No Variations]"
Change component parameters (AddParameter): Name = "SuppliersPartNumber"; Value = "C1729"; VariantName = "[No Variations]"
Change component parameters: Designator = "C5"; Footprint = "0805_C"; UniqueID = "\HOEVFVIG"
Change component parameters. Clean all parameters for all variants
Change component parameters (AddParameter): Name = "ComponentLink1Description"; Value = "供应商链接"; VariantName = "[No Variations]"
Change component parameters (AddParameter): Name = "ComponentLink1URL"; Value = "http://www.szlcsc.com/product/details_2081.html"; VariantName = "[No Variations]"
Change component parameters (AddParameter): Name = "Notepad"; Value = ""; VariantName = "[No Variations]"
Change component parameters (AddParameter): Name = "Package"; Value = "0805"; VariantName = "[No Variations]"
Change component parameters (AddParameter): Name = "Supplier"; Value = "LC"; VariantName = "[No Variations]"
Change component parameters (AddParameter): Name = "SuppliersPartNumber"; Value = "C1729"; VariantName = "[No Variations]"
Change component parameters: Designator = "C6"; Footprint = "0805_C"; UniqueID = "\KYUPKFGB"
Change component parameters. Clean all parameters for all variants
Change component parameters (AddParameter): Name = "ComponentLink1Description"; Value = "供应商链接"; VariantName = "[No Variations]"
Change component parameters (AddParameter): Name = "ComponentLink1URL"; Value = "http://www.szlcsc.com/product/details_2062.html"; VariantName = "[No Variations]"
Change component parameters (AddParameter): Name = "Notepad"; Value = ""; VariantName = "[No Variations]"
Change component parameters (AddParameter): Name = "Package"; Value = "0805"; VariantName = "[No Variations]"
Change component parameters (AddParameter): Name = "Supplier"; Value = "LC"; VariantName = "[No Variations]"
Change component parameters (AddParameter): Name = "SuppliersPartNumber"; Value = "C1710"; VariantName = "[No Variations]"
Change component parameters: Designator = "C9"; Footprint = "0805_C"; UniqueID = "\BVPYOQWK"
Change component parameters. Clean all parameters for all variants
Change component parameters (AddParameter): Name = "ComponentLink1Description"; Value = "供应商链接"; VariantName = "[No Variations]"
Change component parameters (AddParameter): Name = "ComponentLink1URL"; Value = "http://www.szlcsc.com/product/details_2081.html"; VariantName = "[No Variations]"
Change component parameters (AddParameter): Name = "Notepad"; Value = ""; VariantName = "[No Variations]"
Change component parameters (AddParameter): Name = "Package"; Value = "0805"; VariantName = "[No Variations]"
Change component parameters (AddParameter): Name = "Supplier"; Value = "LC"; VariantName = "[No Variations]"
Change component parameters (AddParameter): Name = "SuppliersPartNumber"; Value = "C1729"; VariantName = "[No Variations]"
Change component parameters: Designator = "C10"; Footprint = "0805_C"; UniqueID = "\CPKWOKEE"
Change component parameters. Clean all parameters for all variants
Change component parameters (AddParameter): Name = "ComponentLink1Description"; Value = "供应商链接"; VariantName = "[No Variations]"
Change component parameters (AddParameter): Name = "ComponentLink1URL"; Value = "http://www.szlcsc.com/product/details_2081.html"; VariantName = "[No Variations]"
Change component parameters (AddParameter): Name = "Notepad"; Value = ""; VariantName = "[No Variations]"
Change component parameters (AddParameter): Name = "Package"; Value = "0805"; VariantName = "[No Variations]"
Change component parameters (AddParameter): Name = "Supplier"; Value = "LC"; VariantName = "[No Variations]"
Change component parameters (AddParameter): Name = "SuppliersPartNumber"; Value = "C1729"; VariantName = "[No Variations]"
Change component parameters: Designator = "C11"; Footprint = "0603_C"; UniqueID = "\FMGWYXRS"
Change component parameters. Clean all parameters for all variants
Change component parameters (AddParameter): Name = "ComponentLink1Description"; Value = "供应商链接"; VariantName = "[No Variations]"
Change component parameters (AddParameter): Name = "ComponentLink1URL"; Value = "http://www.szlcsc.com/product/details_16531.html"; VariantName = "[No Variations]"
Change component parameters (AddParameter): Name = "Notepad"; Value = ""; VariantName = "[No Variations]"
Change component parameters (AddParameter): Name = "Package"; Value = "0603"; VariantName = "[No Variations]"
Change component parameters (AddParameter): Name = "Supplier"; Value = "LC"; VariantName = "[No Variations]"
Change component parameters (AddParameter): Name = "SuppliersPartNumber"; Value = "C15849"; VariantName = "[No Variations]"
Change component parameters: Designator = "C12"; Footprint = "0603_C"; UniqueID = "\GGBGBAZL"
Change component parameters. Clean all parameters for all variants
Change component parameters (AddParameter): Name = "ComponentLink1Description"; Value = "供应商链接"; VariantName = "[No Variations]"
Change component parameters (AddParameter): Name = "ComponentLink1URL"; Value = "http://www.szlcsc.com/product/details_16531.html"; VariantName = "[No Variations]"
Change component parameters (AddParameter): Name = "Notepad"; Value = ""; VariantName = "[No Variations]"
Change component parameters (AddParameter): Name = "Package"; Value = "0603"; VariantName = "[No Variations]"
Change component parameters (AddParameter): Name = "Supplier"; Value = "LC"; VariantName = "[No Variations]"
Change component parameters (AddParameter): Name = "SuppliersPartNumber"; Value = "C15849"; VariantName = "[No Variations]"
Change component parameters: Designator = "C13"; Footprint = "0603_C"; UniqueID = "\TZIEZPZJ"
Change component parameters. Clean all parameters for all variants
Change component parameters (AddParameter): Name = "ComponentLink1Description"; Value = "供应商链接"; VariantName = "[No Variations]"
Change component parameters (AddParameter): Name = "ComponentLink1URL"; Value = "http://www.szlcsc.com/product/details_1986.html"; VariantName = "[No Variations]"
Change component parameters (AddParameter): Name = "Notepad"; Value = ""; VariantName = "[No Variations]"
Change component parameters (AddParameter): Name = "Package"; Value = "0603"; VariantName = "[No Variations]"
Change component parameters (AddParameter): Name = "Supplier"; Value = "LC"; VariantName = "[No Variations]"
Change component parameters (AddParameter): Name = "SuppliersPartNumber"; Value = "C1634"; VariantName = "[No Variations]"
Change component parameters: Designator = "D1"; Footprint = "SMA(DO-214AC)_S1"; UniqueID = "\LYZJFPCL"
Change component parameters. Clean all parameters for all variants
Change component parameters (AddParameter): Name = "ComponentLink1Description"; Value = "供应商链接"; VariantName = "[No Variations]"
Change component parameters (AddParameter): Name = "ComponentLink1URL"; Value = "http://www.szlcsc.com/product/details_23178.html"; VariantName = "[No Variations]"
Change component parameters (AddParameter): Name = "Notepad"; Value = ""; VariantName = "[No Variations]"
Change component parameters (AddParameter): Name = "Package"; Value = "SMA(DO-214AC)"; VariantName = "[No Variations]"
Change component parameters (AddParameter): Name = "Supplier"; Value = "LC"; VariantName = "[No Variations]"
Change component parameters (AddParameter): Name = "SuppliersPartNumber"; Value = "C22452"; VariantName = "[No Variations]"
Change component parameters: Designator = "D2"; Footprint = "SMA(DO-214AC)_S1"; UniqueID = "\RGLDGZAW"
Change component parameters. Clean all parameters for all variants
Change component parameters (AddParameter): Name = "ComponentLink1Description"; Value = "供应商链接"; VariantName = "[No Variations]"
Change component parameters (AddParameter): Name = "ComponentLink1URL"; Value = "http://www.szlcsc.com/product/details_23178.html"; VariantName = "[No Variations]"
Change component parameters (AddParameter): Name = "Notepad"; Value = ""; VariantName = "[No Variations]"
Change component parameters (AddParameter): Name = "Package"; Value = "SMA(DO-214AC)"; VariantName = "[No Variations]"
Change component parameters (AddParameter): Name = "Supplier"; Value = "LC"; VariantName = "[No Variations]"
Change component parameters (AddParameter): Name = "SuppliersPartNumber"; Value = "C22452"; VariantName = "[No Variations]"
Change component parameters: Designator = "R1"; Footprint = "0603_R"; UniqueID = "\EZLDWTTS"
Change component parameters. Clean all parameters for all variants
Change component parameters (AddParameter): Name = "ComponentLink1Description"; Value = "供应商链接"; VariantName = "[No Variations]"
Change component parameters (AddParameter): Name = "ComponentLink1URL"; Value = "http://www.szlcsc.com/product/details_23694.html"; VariantName = "[No Variations]"
Change component parameters (AddParameter): Name = "Notepad"; Value = ""; VariantName = "[No Variations]"
Change component parameters (AddParameter): Name = "Package"; Value = "0603"; VariantName = "[No Variations]"
Change component parameters (AddParameter): Name = "Supplier"; Value = "LC"; VariantName = "[No Variations]"
Change component parameters (AddParameter): Name = "SuppliersPartNumber"; Value = "C22967"; VariantName = "[No Variations]"
Change component parameters: Designator = "R2"; Footprint = "1206_R"; UniqueID = "\FDJEKUHS"
Change component parameters. Clean all parameters for all variants
Change component parameters (AddParameter): Name = "ComponentLink1Description"; Value = "供应商链接"; VariantName = "[No Variations]"
Change component parameters (AddParameter): Name = "ComponentLink1URL"; Value = "http://www.szlcsc.com/product/details_18576.html"; VariantName = "[No Variations]"
Change component parameters (AddParameter): Name = "Notepad"; Value = ""; VariantName = "[No Variations]"
Change component parameters (AddParameter): Name = "Package"; Value = "1206"; VariantName = "[No Variations]"
Change component parameters (AddParameter): Name = "Supplier"; Value = "LC"; VariantName = "[No Variations]"
Change component parameters (AddParameter): Name = "SuppliersPartNumber"; Value = "C17888"; VariantName = "[No Variations]"
Change component parameters: Designator = "R3"; Footprint = "0603_R"; UniqueID = "\GJYNNJFY"
Change component parameters. Clean all parameters for all variants
Change component parameters (AddParameter): Name = "ComponentLink1Description"; Value = "供应商链接"; VariantName = "[No Variations]"
Change component parameters (AddParameter): Name = "ComponentLink1URL"; Value = "http://www.szlcsc.com/product/details_26724.html"; VariantName = "[No Variations]"
Change component parameters (AddParameter): Name = "Notepad"; Value = ""; VariantName = "[No Variations]"
Change component parameters (AddParameter): Name = "Package"; Value = "0603"; VariantName = "[No Variations]"
Change component parameters (AddParameter): Name = "Supplier"; Value = "LC"; VariantName = "[No Variations]"
Change component parameters (AddParameter): Name = "SuppliersPartNumber"; Value = "C25981"; VariantName = "[No Variations]"
Change component parameters: Designator = "R4"; Footprint = "0603_R"; UniqueID = "\MQUATGHI"
Change component parameters. Clean all parameters for all variants
Change component parameters (AddParameter): Name = "ComponentLink1Description"; Value = "供应商链接"; VariantName = "[No Variations]"
Change component parameters (AddParameter): Name = "ComponentLink1URL"; Value = "http://www.szlcsc.com/product/details_23694.html"; VariantName = "[No Variations]"
Change component parameters (AddParameter): Name = "Notepad"; Value = ""; VariantName = "[No Variations]"
Change component parameters (AddParameter): Name = "Package"; Value = "0603"; VariantName = "[No Variations]"
Change component parameters (AddParameter): Name = "Supplier"; Value = "LC"; VariantName = "[No Variations]"
Change component parameters (AddParameter): Name = "SuppliersPartNumber"; Value = "C22967"; VariantName = "[No Variations]"
Change component parameters: Designator = "R5"; Footprint = "1206_R"; UniqueID = "\PKTSDNUY"
Change component parameters. Clean all parameters for all variants
Change component parameters (AddParameter): Name = "ComponentLink1Description"; Value = "供应商链接"; VariantName = "[No Variations]"
Change component parameters (AddParameter): Name = "ComponentLink1URL"; Value = "http://www.szlcsc.com/product/details_18576.html"; VariantName = "[No Variations]"
Change component parameters (AddParameter): Name = "Notepad"; Value = ""; VariantName = "[No Variations]"
Change component parameters (AddParameter): Name = "Package"; Value = "1206"; VariantName = "[No Variations]"
Change component parameters (AddParameter): Name = "Supplier"; Value = "LC"; VariantName = "[No Variations]"
Change component parameters (AddParameter): Name = "SuppliersPartNumber"; Value = "C17888"; VariantName = "[No Variations]"
Change component parameters: Designator = "R6"; Footprint = "0603_R"; UniqueID = "\WYZOUSSO"
Change component parameters. Clean all parameters for all variants
Change component parameters (AddParameter): Name = "ComponentLink1Description"; Value = "供应商链接"; VariantName = "[No Variations]"
Change component parameters (AddParameter): Name = "ComponentLink1URL"; Value = "http://www.szlcsc.com/product/details_26724.html"; VariantName = "[No Variations]"
Change component parameters (AddParameter): Name = "Notepad"; Value = ""; VariantName = "[No Variations]"
Change component parameters (AddParameter): Name = "Package"; Value = "0603"; VariantName = "[No Variations]"
Change component parameters (AddParameter): Name = "Supplier"; Value = "LC"; VariantName = "[No Variations]"
Change component parameters (AddParameter): Name = "SuppliersPartNumber"; Value = "C25981"; VariantName = "[No Variations]"
Change component parameters: Designator = "R10"; Footprint = "2010_R"; UniqueID = "\TNGJVSZD"
Change component parameters. Clean all parameters for all variants
Change component parameters (AddParameter): Name = "ComponentLink1Description"; Value = "供应商链接"; VariantName = "[No Variations]"
Change component parameters (AddParameter): Name = "ComponentLink1URL"; Value = "http://www.szlcsc.com/product/details_18165.html"; VariantName = "[No Variations]"
Change component parameters (AddParameter): Name = "Notepad"; Value = ""; VariantName = "[No Variations]"
Change component parameters (AddParameter): Name = "Package"; Value = "0805"; VariantName = "[No Variations]"
Change component parameters (AddParameter): Name = "Supplier"; Value = "LC"; VariantName = "[No Variations]"
Change component parameters (AddParameter): Name = "SuppliersPartNumber"; Value = "C17477"; VariantName = "[No Variations]"
Change component parameters: Designator = "R13"; Footprint = "0603_R"; UniqueID = "\SHQVGVKH"
Change component parameters. Clean all parameters for all variants
Change component parameters (AddParameter): Name = "ComponentLink1Description"; Value = "供应商链接"; VariantName = "[No Variations]"
Change component parameters (AddParameter): Name = "ComponentLink1URL"; Value = "http://www.szlcsc.com/product/details_4618.html"; VariantName = "[No Variations]"
Change component parameters (AddParameter): Name = "Notepad"; Value = ""; VariantName = "[No Variations]"
Change component parameters (AddParameter): Name = "Package"; Value = "0603"; VariantName = "[No Variations]"
Change component parameters (AddParameter): Name = "Supplier"; Value = "LC"; VariantName = "[No Variations]"
Change component parameters (AddParameter): Name = "SuppliersPartNumber"; Value = "C4211"; VariantName = "[No Variations]"
Change component parameters: Designator = "R14"; Footprint = "0603_R"; UniqueID = "\ZWURBYAO"
Change component parameters. Clean all parameters for all variants
Change component parameters (AddParameter): Name = "ComponentLink1Description"; Value = "供应商链接"; VariantName = "[No Variations]"
Change component parameters (AddParameter): Name = "ComponentLink1URL"; Value = "http://www.szlcsc.com/product/details_4618.html"; VariantName = "[No Variations]"
Change component parameters (AddParameter): Name = "Notepad"; Value = ""; VariantName = "[No Variations]"
Change component parameters (AddParameter): Name = "Package"; Value = "0603"; VariantName = "[No Variations]"
Change component parameters (AddParameter): Name = "Supplier"; Value = "LC"; VariantName = "[No Variations]"
Change component parameters (AddParameter): Name = "SuppliersPartNumber"; Value = "C4211"; VariantName = "[No Variations]"
Change component parameters: Designator = "R15"; Footprint = "0603_R"; UniqueID = "\YBIEGWAF"
Change component parameters. Clean all parameters for all variants
Change component parameters (AddParameter): Name = "ComponentLink1Description"; Value = "供应商链接"; VariantName = "[No Variations]"
Change component parameters (AddParameter): Name = "ComponentLink1URL"; Value = "http://www.szlcsc.com/product/details_4618.html"; VariantName = "[No Variations]"
Change component parameters (AddParameter): Name = "Notepad"; Value = ""; VariantName = "[No Variations]"
Change component parameters (AddParameter): Name = "Package"; Value = "0603"; VariantName = "[No Variations]"
Change component parameters (AddParameter): Name = "Supplier"; Value = "LC"; VariantName = "[No Variations]"
Change component parameters (AddParameter): Name = "SuppliersPartNumber"; Value = "C4211"; VariantName = "[No Variations]"
Change component parameters: Designator = "R16"; Footprint = "0603_R"; UniqueID = "\BQIZRUYU"
Change component parameters. Clean all parameters for all variants
Change component parameters (AddParameter): Name = "ComponentLink1Description"; Value = "供应商链接"; VariantName = "[No Variations]"
Change component parameters (AddParameter): Name = "ComponentLink1URL"; Value = "http://www.szlcsc.com/product/details_4618.html"; VariantName = "[No Variations]"
Change component parameters (AddParameter): Name = "Notepad"; Value = ""; VariantName = "[No Variations]"
Change component parameters (AddParameter): Name = "Package"; Value = "0603"; VariantName = "[No Variations]"
Change component parameters (AddParameter): Name = "Supplier"; Value = "LC"; VariantName = "[No Variations]"
Change component parameters (AddParameter): Name = "SuppliersPartNumber"; Value = "C4211"; VariantName = "[No Variations]"
Change component parameters: Designator = "R17"; Footprint = "0603_R"; UniqueID = "\BPHBCWKJ"
Change component parameters. Clean all parameters for all variants
Change component parameters (AddParameter): Name = "ComponentLink1Description"; Value = "供应商链接"; VariantName = "[No Variations]"
Change component parameters (AddParameter): Name = "ComponentLink1URL"; Value = "http://www.szlcsc.com/product/details_4618.html"; VariantName = "[No Variations]"
Change component parameters (AddParameter): Name = "Notepad"; Value = ""; VariantName = "[No Variations]"
Change component parameters (AddParameter): Name = "Package"; Value = "0603"; VariantName = "[No Variations]"
Change component parameters (AddParameter): Name = "Supplier"; Value = "LC"; VariantName = "[No Variations]"
Change component parameters (AddParameter): Name = "SuppliersPartNumber"; Value = "C4211"; VariantName = "[No Variations]"
Change component parameters: Designator = "R18"; Footprint = "0603_R"; UniqueID = "\UUGXPEVT"
Change component parameters. Clean all parameters for all variants
Change component parameters (AddParameter): Name = "ComponentLink1Description"; Value = "供应商链接"; VariantName = "[No Variations]"
Change component parameters (AddParameter): Name = "ComponentLink1URL"; Value = "http://www.szlcsc.com/product/details_4618.html"; VariantName = "[No Variations]"
Change component parameters (AddParameter): Name = "Notepad"; Value = ""; VariantName = "[No Variations]"
Change component parameters (AddParameter): Name = "Package"; Value = "0603"; VariantName = "[No Variations]"
Change component parameters (AddParameter): Name = "Supplier"; Value = "LC"; VariantName = "[No Variations]"
Change component parameters (AddParameter): Name = "SuppliersPartNumber"; Value = "C4211"; VariantName = "[No Variations]"
Change component parameters: Designator = "R19"; Footprint = "0603_R"; UniqueID = "\KZFQVJWH"
Change component parameters. Clean all parameters for all variants
Change component parameters (AddParameter): Name = "ComponentLink1Description"; Value = "供应商链接"; VariantName = "[No Variations]"
Change component parameters (AddParameter): Name = "ComponentLink1URL"; Value = "http://www.szlcsc.com/product/details_4618.html"; VariantName = "[No Variations]"
Change component parameters (AddParameter): Name = "Notepad"; Value = ""; VariantName = "[No Variations]"
Change component parameters (AddParameter): Name = "Package"; Value = "0603"; VariantName = "[No Variations]"
Change component parameters (AddParameter): Name = "Supplier"; Value = "LC"; VariantName = "[No Variations]"
Change component parameters (AddParameter): Name = "SuppliersPartNumber"; Value = "C4211"; VariantName = "[No Variations]"
Change component parameters: Designator = "R31"; Footprint = "0603_R"; UniqueID = "\ZSNULEET"
Change component parameters. Clean all parameters for all variants
Change component parameters (AddParameter): Name = "ComponentLink1Description"; Value = "供应商链接"; VariantName = "[No Variations]"
Change component parameters (AddParameter): Name = "ComponentLink1URL"; Value = "http://www.szlcsc.com/product/details_4618.html"; VariantName = "[No Variations]"
Change component parameters (AddParameter): Name = "Notepad"; Value = ""; VariantName = "[No Variations]"
Change component parameters (AddParameter): Name = "Package"; Value = "0603"; VariantName = "[No Variations]"
Change component parameters (AddParameter): Name = "Supplier"; Value = "LC"; VariantName = "[No Variations]"
Change component parameters (AddParameter): Name = "SuppliersPartNumber"; Value = "C4211"; VariantName = "[No Variations]"
Change component parameters: Designator = "U1"; Footprint = "SOP-8_EP_150mil"; UniqueID = "\KNBEDMSZ"
Change component parameters. Clean all parameters for all variants
Change component parameters (AddParameter): Name = "ComponentLink1Description"; Value = "供应商链接"; VariantName = "[No Variations]"
Change component parameters (AddParameter): Name = "ComponentLink1URL"; Value = "http://www.szlcsc.com/product/details_10396.html"; VariantName = "[No Variations]"
Change component parameters (AddParameter): Name = "Notepad"; Value = "0 pin:        GND pin must be connected to the exposed pad for proper operation."; VariantName = "[No Variations]"
Change component parameters (AddParameter): Name = "Package"; Value = "SOP-8_EP_150mil"; VariantName = "[No Variations]"
Change component parameters (AddParameter): Name = "Supplier"; Value = "LC"; VariantName = "[No Variations]"
Change component parameters (AddParameter): Name = "SuppliersPartNumber"; Value = "C9864"; VariantName = "[No Variations]"
Change component parameters: Designator = "U2"; Footprint = "SOP-8_EP_150mil"; UniqueID = "\TUJHLRXV"
Change component parameters. Clean all parameters for all variants
Change component parameters (AddParameter): Name = "ComponentLink1Description"; Value = "供应商链接"; VariantName = "[No Variations]"
Change component parameters (AddParameter): Name = "ComponentLink1URL"; Value = "http://www.szlcsc.com/product/details_10396.html"; VariantName = "[No Variations]"
Change component parameters (AddParameter): Name = "Notepad"; Value = "0 pin:        GND pin must be connected to the exposed pad for proper operation."; VariantName = "[No Variations]"
Change component parameters (AddParameter): Name = "Package"; Value = "SOP-8_EP_150mil"; VariantName = "[No Variations]"
Change component parameters (AddParameter): Name = "Supplier"; Value = "LC"; VariantName = "[No Variations]"
Change component parameters (AddParameter): Name = "SuppliersPartNumber"; Value = "C9864"; VariantName = "[No Variations]"
Change component parameters: Designator = "C2"; Footprint = "CT 10*13 - C"; UniqueID = "\DOFTGLKK"
Change component parameters. Clean all parameters for all variants
Change component parameters (AddParameter): Name = "BOM名称"; Value = "贴片固态电容"; VariantName = "[No Variations]"
Change component parameters (AddParameter): Name = "学习资源"; Value = "www.ooocke.com"; VariantName = "[No Variations]"
Change component parameters (AddParameter): Name = "版权归属"; Value = "源创客"; VariantName = "[No Variations]"
Change component parameters: Designator = "C3"; Footprint = "CT 6*6 - V"; UniqueID = "\YTTOXOWG"
Change component parameters. Clean all parameters for all variants
Change component parameters (AddParameter): Name = "BOM名称"; Value = "贴片固态电容"; VariantName = "[No Variations]"
Change component parameters (AddParameter): Name = "学习资源"; Value = "www.ooocke.com"; VariantName = "[No Variations]"
Change component parameters (AddParameter): Name = "版权归属"; Value = "源创客"; VariantName = "[No Variations]"
Change component parameters: Designator = "C7"; Footprint = "CT 10*13 - C"; UniqueID = "\WOJNVBQV"
Change component parameters. Clean all parameters for all variants
Change component parameters (AddParameter): Name = "BOM名称"; Value = "贴片固态电容"; VariantName = "[No Variations]"
Change component parameters (AddParameter): Name = "学习资源"; Value = "www.ooocke.com"; VariantName = "[No Variations]"
Change component parameters (AddParameter): Name = "版权归属"; Value = "源创客"; VariantName = "[No Variations]"
Change component parameters: Designator = "C8"; Footprint = "CT 6*6 - V"; UniqueID = "\GSGKYWZX"
Change component parameters. Clean all parameters for all variants
Change component parameters (AddParameter): Name = "BOM名称"; Value = "贴片固态电容"; VariantName = "[No Variations]"
Change component parameters (AddParameter): Name = "学习资源"; Value = "www.ooocke.com"; VariantName = "[No Variations]"
Change component parameters (AddParameter): Name = "版权归属"; Value = "源创客"; VariantName = "[No Variations]"
Change component parameters: Designator = "JP1"; Footprint = "HDR2.54-LI-2X25P"; UniqueID = "\EZUONMVP"
Change component parameters. Clean all parameters for all variants
Change component parameters (AddParameter): Name = "BOM名称"; Value = "20*2P接插件"; VariantName = "[No Variations]"
Change component parameters (AddParameter): Name = "学习资源"; Value = "www.ooocke.com"; VariantName = "[No Variations]"
Change component parameters (AddParameter): Name = "版权归属"; Value = "源创客"; VariantName = "[No Variations]"
Change component parameters: Designator = "JP2"; Footprint = "HDR2.54-LI-2X25P"; UniqueID = "\DJRRGLYM"
Change component parameters. Clean all parameters for all variants
Change component parameters (AddParameter): Name = "BOM名称"; Value = "20*2P接插件"; VariantName = "[No Variations]"
Change component parameters (AddParameter): Name = "学习资源"; Value = "www.ooocke.com"; VariantName = "[No Variations]"
Change component parameters (AddParameter): Name = "版权归属"; Value = "源创客"; VariantName = "[No Variations]"
Change component parameters: Designator = "L1"; Footprint = "CDRH73"; UniqueID = "\DGXCHTDH"
Change component parameters. Clean all parameters for all variants
Change component parameters (AddParameter): Name = "BOM名称"; Value = "功率屏蔽电感"; VariantName = "[No Variations]"
Change component parameters (AddParameter): Name = "学习资源"; Value = "www.ooocke.com"; VariantName = "[No Variations]"
Change component parameters (AddParameter): Name = "版权归属"; Value = "源创客"; VariantName = "[No Variations]"
Change component parameters: Designator = "L2"; Footprint = "CDRH73"; UniqueID = "\PIOHGKYB"
Change component parameters. Clean all parameters for all variants
Change component parameters (AddParameter): Name = "BOM名称"; Value = "功率屏蔽电感"; VariantName = "[No Variations]"
Change component parameters (AddParameter): Name = "学习资源"; Value = "www.ooocke.com"; VariantName = "[No Variations]"
Change component parameters (AddParameter): Name = "版权归属"; Value = "源创客"; VariantName = "[No Variations]"
Change component parameters: Designator = "JP3"; Footprint = "KF350-3P"; UniqueID = "\GJKCTRCD"
Change component parameters. Clean all parameters for all variants
Change component parameters (AddParameter): Name = "BOM名称"; Value = "3P接插件"; VariantName = "[No Variations]"
Change component parameters (AddParameter): Name = "学习资源"; Value = "www.ooocke.com"; VariantName = "[No Variations]"
Change component parameters (AddParameter): Name = "版权归属"; Value = "源创客"; VariantName = "[No Variations]"
Change component parameters: Designator = "JP4"; Footprint = "KF350-3P"; UniqueID = "\POBVWJYM"
Change component parameters. Clean all parameters for all variants
Change component parameters (AddParameter): Name = "BOM名称"; Value = "3P接插件"; VariantName = "[No Variations]"
Change component parameters (AddParameter): Name = "学习资源"; Value = "www.ooocke.com"; VariantName = "[No Variations]"
Change component parameters (AddParameter): Name = "版权归属"; Value = "源创客"; VariantName = "[No Variations]"
Change component parameters: Designator = "JP5"; Footprint = "KF350-3P"; UniqueID = "\UCWXYUOQ"
Change component parameters. Clean all parameters for all variants
Change component parameters (AddParameter): Name = "BOM名称"; Value = "3P接插件"; VariantName = "[No Variations]"
Change component parameters (AddParameter): Name = "学习资源"; Value = "www.ooocke.com"; VariantName = "[No Variations]"
Change component parameters (AddParameter): Name = "版权归属"; Value = "源创客"; VariantName = "[No Variations]"
Change component parameters: Designator = "JP6"; Footprint = "KF350-3P"; UniqueID = "\HRZPHYFX"
Change component parameters. Clean all parameters for all variants
Change component parameters (AddParameter): Name = "BOM名称"; Value = "3P接插件"; VariantName = "[No Variations]"
Change component parameters (AddParameter): Name = "学习资源"; Value = "www.ooocke.com"; VariantName = "[No Variations]"
Change component parameters (AddParameter): Name = "版权归属"; Value = "源创客"; VariantName = "[No Variations]"
Change component parameters: Designator = "JP14"; Footprint = "XH2.54-LI-3P"; UniqueID = "\OFIXFTBO"
Change component parameters. Clean all parameters for all variants
Change component parameters (AddParameter): Name = "BOM名称"; Value = "3P接插件"; VariantName = "[No Variations]"
Change component parameters (AddParameter): Name = "学习资源"; Value = "www.ooocke.com"; VariantName = "[No Variations]"
Change component parameters (AddParameter): Name = "版权归属"; Value = "源创客"; VariantName = "[No Variations]"
Change component parameters: Designator = "JP13"; Footprint = "XH2.54-LI-3P"; UniqueID = "\UBUHHZCY"
Change component parameters. Clean all parameters for all variants
Change component parameters (AddParameter): Name = "BOM名称"; Value = "3P接插件"; VariantName = "[No Variations]"
Change component parameters (AddParameter): Name = "学习资源"; Value = "www.ooocke.com"; VariantName = "[No Variations]"
Change component parameters (AddParameter): Name = "版权归属"; Value = "源创客"; VariantName = "[No Variations]"
Change component parameters: Designator = "JP11"; Footprint = "XH2.54-LI-3P"; UniqueID = "\ULWOBTVJ"
Change component parameters. Clean all parameters for all variants
Change component parameters (AddParameter): Name = "BOM名称"; Value = "3P接插件"; VariantName = "[No Variations]"
Change component parameters (AddParameter): Name = "学习资源"; Value = "www.ooocke.com"; VariantName = "[No Variations]"
Change component parameters (AddParameter): Name = "版权归属"; Value = "源创客"; VariantName = "[No Variations]"
Change component parameters: Designator = "JP10"; Footprint = "XH2.54-LI-3P"; UniqueID = "\VDPQTWRM"
Change component parameters. Clean all parameters for all variants
Change component parameters (AddParameter): Name = "BOM名称"; Value = "3P接插件"; VariantName = "[No Variations]"
Change component parameters (AddParameter): Name = "学习资源"; Value = "www.ooocke.com"; VariantName = "[No Variations]"
Change component parameters (AddParameter): Name = "版权归属"; Value = "源创客"; VariantName = "[No Variations]"
Added Pin To Net: NetName=PB11 Pin=JP7-6
Added Member To Class: ClassName=Sheet1 Member=Component 511 HDR-1X4
Added Room: Name=Sheet1
Added Room: Name=Sheet2
