Removed Pin From Net: NetName=NetC18_1 Pin=C23-2
Removed Pin From Net: NetName=NetC18_2 Pin=C24-2
Removed Pin From Net: NetName=Z1 Pin=D4-1
Removed Pin From Net: NetName=X2 Pin=D5-1
Removed Pin From Net: NetName=Z1 Pin=R11-1
Removed Pin From Net: NetName=NetC18_1 Pin=R11-2
Removed Pin From Net: NetName=X2 Pin=R12-1
Removed Pin From Net: NetName=NetC18_2 Pin=R12-2
Added Pin To Net: NetName=NetC20_1 Pin=C23-2
Added Pin To Net: NetName=NetC20_2 Pin=C24-2
Added Pin To Net: NetName=NetC20_1 Pin=R11-2
Added Pin To Net: NetName=NetC20_2 Pin=R12-2
Added Pin To Net: NetName=NetD4_1 Pin=D4-1
Added Pin To Net: NetName=NetD4_1 Pin=R11-1
Added Net: Name=NetD4_1
Added Pin To Net: NetName=NetD5_1 Pin=D5-1
Added Pin To Net: NetName=NetD5_1 Pin=R12-1
Added Net: Name=NetD5_1
Change Class Name : Old Net Name=Sheet1 New Net Name=STM32
Added Room: Name=AD4111_1
Added Room: Name=AD4111_2
Added Room: Name=STM32
