Removed Pin From Net: NetName=X1 Pin=D2-1
Removed Pin From Net: NetName=Y1 Pin=D3-1
Removed Pin From Net: NetName=Z1 Pin=D4-1
Removed Pin From Net: NetName=X2 Pin=D5-1
Removed Pin From Net: NetName=Y2 Pin=D6-1
Removed Pin From Net: NetName=Z2 Pin=D7-1
Removed Pin From Net: NetName=X3 Pin=D9-1
Removed Pin From Net: NetName=Y3 Pin=D10-1
Removed Pin From Net: NetName=Z3 Pin=D11-1
Removed Pin From Net: NetName=X4 Pin=D12-1
Removed Pin From Net: NetName=Y4 Pin=D13-1
Removed Pin From Net: NetName=Z4 Pin=D14-1
Removed Pin From Net: NetName=X1 Pin=R9-1
Removed Pin From Net: NetName=Y1 Pin=R10-1
Removed Pin From Net: NetName=Z1 Pin=R11-1
Removed Pin From Net: NetName=X2 Pin=R12-1
Removed Pin From Net: NetName=Y2 Pin=R13-1
Removed Pin From Net: NetName=Z2 Pin=R14-1
Removed Pin From Net: NetName=X3 Pin=R21-1
Removed Pin From Net: NetName=Y3 Pin=R22-1
Removed Pin From Net: NetName=Z3 Pin=R23-1
Removed Pin From Net: NetName=X4 Pin=R24-1
Removed Pin From Net: NetName=Y4 Pin=R25-1
Removed Pin From Net: NetName=Z4 Pin=R26-1
Added Pin To Net: NetName=X3 Pin=D2-1
Added Pin To Net: NetName=Y3 Pin=D3-1
Added Pin To Net: NetName=Y4 Pin=D4-1
Added Pin To Net: NetName=Z4 Pin=D5-1
Added Pin To Net: NetName=Z3 Pin=D6-1
Added Pin To Net: NetName=X4 Pin=D7-1
Added Pin To Net: NetName=X1 Pin=D9-1
Added Pin To Net: NetName=Y1 Pin=D10-1
Added Pin To Net: NetName=Y2 Pin=D11-1
Added Pin To Net: NetName=Z2 Pin=D12-1
Added Pin To Net: NetName=Z1 Pin=D13-1
Added Pin To Net: NetName=X2 Pin=D14-1
Added Pin To Net: NetName=X3 Pin=R9-1
Added Pin To Net: NetName=Y3 Pin=R10-1
Added Pin To Net: NetName=Y4 Pin=R11-1
Added Pin To Net: NetName=Z4 Pin=R12-1
Added Pin To Net: NetName=Z3 Pin=R13-1
Added Pin To Net: NetName=X4 Pin=R14-1
Added Pin To Net: NetName=X1 Pin=R21-1
Added Pin To Net: NetName=Y1 Pin=R22-1
Added Pin To Net: NetName=Y2 Pin=R23-1
Added Pin To Net: NetName=Z2 Pin=R24-1
Added Pin To Net: NetName=Z1 Pin=R25-1
Added Pin To Net: NetName=X2 Pin=R26-1
