Removed Pin From Net: NetName=AGND Pin=FPC-1
Removed Pin From Net: NetName=X1 Pin=FPC-2
Removed Pin From Net: NetName=Y1 Pin=FPC-3
Removed Pin From Net: NetName=Z1 Pin=FPC-4
Removed Pin From Net: NetName=X2 Pin=FPC-5
Removed Pin From Net: NetName=Y2 Pin=FPC-6
Removed Pin From Net: NetName=Z2 Pin=FPC-7
Removed Pin From Net: NetName=X3 Pin=FPC-8
Removed Pin From Net: NetName=Y3 Pin=FPC-9
Removed Pin From Net: NetName=Z3 Pin=FPC-10
Removed Pin From Net: NetName=X4 Pin=FPC-11
Removed Pin From Net: NetName=Y4 Pin=FPC-12
Removed Pin From Net: NetName=Z4 Pin=FPC-13
Removed Pin From Net: NetName=PB0 Pin=FPC-14
Removed Pin From Net: NetName=PB1 Pin=FPC-15
Removed Pin From Net: NetName=PE13 Pin=FPC-16
Removed Pin From Net: NetName=PE14 Pin=FPC-17
Removed Pin From Net: NetName=PD12 Pin=FPC-18
Removed Pin From Net: NetName=PD13 Pin=FPC-19
Removed Pin From Net: NetName=PD14 Pin=FPC-20
Removed Pin From Net: NetName=PD15 Pin=FPC-21
Removed Pin From Net: NetName=PC9 Pin=FPC-22
Removed Pin From Net: NetName=PA8 Pin=FPC-23
Removed Pin From Net: NetName=PA13 Pin=FPC-24
Removed Pin From Net: NetName=PA14 Pin=FPC-25
Removed Pin From Net: NetName=232TX Pin=FPC-26
Removed Pin From Net: NetName=232RX Pin=FPC-27
Removed Pin From Net: NetName=PC8 Pin=FPC-28
Removed Pin From Net: NetName=PC6 Pin=FPC-29
Removed Pin From Net: NetName=PC7 Pin=FPC-30
Added Pin To Net: NetName=PC7 Pin=FPC-1
Added Pin To Net: NetName=PC6 Pin=FPC-2
Added Pin To Net: NetName=PC8 Pin=FPC-3
Added Pin To Net: NetName=232RX Pin=FPC-4
Added Pin To Net: NetName=232TX Pin=FPC-5
Added Pin To Net: NetName=Z4 Pin=FPC-18
Added Pin To Net: NetName=Z3 Pin=FPC-21
Added Pin To Net: NetName=Y3 Pin=FPC-22
Added Pin To Net: NetName=X3 Pin=FPC-23
Added Pin To Net: NetName=Z2 Pin=FPC-24
Added Pin To Net: NetName=Y2 Pin=FPC-25
Added Pin To Net: NetName=X2 Pin=FPC-26
Added Pin To Net: NetName=Z1 Pin=FPC-27
Added Pin To Net: NetName=Y1 Pin=FPC-28
Added Pin To Net: NetName=X1 Pin=FPC-29
Added Pin To Net: NetName=AGND Pin=FPC-30
